The system is: Linux - 2.6.32-696.3.2.el6.Bull.120.x86_64 - x86_64
Compiling the C compiler identification source file "CMakeCCompilerId.c" succeeded.
Compiler: /sw/global/compilers/gcc/5.3.0/bin/gcc 
Build flags: 
Id flags:  

The output was:
0


Compilation of the C compiler identification source "CMakeCCompilerId.c" produced "a.out"

The C compiler identification is GNU, found in "/home/s0134766/picongpuProjects/LWFA_asInExp/.build/CMakeFiles/3.9.0/CompilerIdC/a.out"

Compiling the CXX compiler identification source file "CMakeCXXCompilerId.cpp" succeeded.
Compiler: /sw/global/compilers/gcc/5.3.0/bin/g++ 
Build flags: 
Id flags:  

The output was:
0


Compilation of the CXX compiler identification source "CMakeCXXCompilerId.cpp" produced "a.out"

The CXX compiler identification is GNU, found in "/home/s0134766/picongpuProjects/LWFA_asInExp/.build/CMakeFiles/3.9.0/CompilerIdCXX/a.out"

Determining if the C compiler works passed with the following output:
Change Dir: /home/s0134766/picongpuProjects/LWFA_asInExp/.build/CMakeFiles/CMakeTmp

Run Build Command:"/usr/bin/gmake" "cmTC_3519a/fast"
/usr/bin/gmake -f CMakeFiles/cmTC_3519a.dir/build.make CMakeFiles/cmTC_3519a.dir/build
gmake[1]: Entering directory `/home/h6/s0134766/picongpuProjects/LWFA_asInExp/.build/CMakeFiles/CMakeTmp'
Building C object CMakeFiles/cmTC_3519a.dir/testCCompiler.c.o
/sw/global/compilers/gcc/5.3.0/bin/gcc    -o CMakeFiles/cmTC_3519a.dir/testCCompiler.c.o   -c /home/s0134766/picongpuProjects/LWFA_asInExp/.build/CMakeFiles/CMakeTmp/testCCompiler.c
Linking C executable cmTC_3519a
/sw/global/tools/cmake/3.9.0/bin/cmake -E cmake_link_script CMakeFiles/cmTC_3519a.dir/link.txt --verbose=1
/sw/global/compilers/gcc/5.3.0/bin/gcc      CMakeFiles/cmTC_3519a.dir/testCCompiler.c.o  -o cmTC_3519a 
gmake[1]: Leaving directory `/home/h6/s0134766/picongpuProjects/LWFA_asInExp/.build/CMakeFiles/CMakeTmp'


Detecting C compiler ABI info compiled with the following output:
Change Dir: /home/s0134766/picongpuProjects/LWFA_asInExp/.build/CMakeFiles/CMakeTmp

Run Build Command:"/usr/bin/gmake" "cmTC_3d1b8/fast"
/usr/bin/gmake -f CMakeFiles/cmTC_3d1b8.dir/build.make CMakeFiles/cmTC_3d1b8.dir/build
gmake[1]: Entering directory `/home/h6/s0134766/picongpuProjects/LWFA_asInExp/.build/CMakeFiles/CMakeTmp'
Building C object CMakeFiles/cmTC_3d1b8.dir/CMakeCCompilerABI.c.o
/sw/global/compilers/gcc/5.3.0/bin/gcc    -o CMakeFiles/cmTC_3d1b8.dir/CMakeCCompilerABI.c.o   -c /sw/global/tools/cmake/3.9.0/share/cmake-3.9/Modules/CMakeCCompilerABI.c
Linking C executable cmTC_3d1b8
/sw/global/tools/cmake/3.9.0/bin/cmake -E cmake_link_script CMakeFiles/cmTC_3d1b8.dir/link.txt --verbose=1
/sw/global/compilers/gcc/5.3.0/bin/gcc     -v CMakeFiles/cmTC_3d1b8.dir/CMakeCCompilerABI.c.o  -o cmTC_3d1b8 
Using built-in specs.
COLLECT_GCC=/sw/global/compilers/gcc/5.3.0/bin/gcc
COLLECT_LTO_WRAPPER=/sw/global/compilers/gcc/5.3.0/libexec/gcc/x86_64-unknown-linux-gnu/5.3.0/lto-wrapper
Target: x86_64-unknown-linux-gnu
Configured with: /dev/shm/gcc-build/gcc-5.3.0/configure --prefix=/sw/global/compilers/gcc/5.3.0 --disable-multilib
Thread model: posix
gcc version 5.3.0 (GCC) 
COMPILER_PATH=/sw/global/compilers/gcc/5.3.0/libexec/gcc/x86_64-unknown-linux-gnu/5.3.0/:/sw/global/compilers/gcc/5.3.0/libexec/gcc/x86_64-unknown-linux-gnu/5.3.0/:/sw/global/compilers/gcc/5.3.0/libexec/gcc/x86_64-unknown-linux-gnu/:/sw/global/compilers/gcc/5.3.0/lib/gcc/x86_64-unknown-linux-gnu/5.3.0/:/sw/global/compilers/gcc/5.3.0/lib/gcc/x86_64-unknown-linux-gnu/:/sw/global/compilers/gcc/5.3.0/lib/gcc/x86_64-unknown-linux-gnu/5.3.0/../../../../x86_64-unknown-linux-gnu/bin/
LIBRARY_PATH=/sw/global/compilers/gcc/5.3.0/lib/gcc/x86_64-unknown-linux-gnu/5.3.0/:/sw/global/compilers/gcc/5.3.0/lib/gcc/x86_64-unknown-linux-gnu/5.3.0/../../../../lib64/:/lib/../lib64/:/usr/lib/../lib64/:/sw/global/compilers/gcc/5.3.0/lib/gcc/x86_64-unknown-linux-gnu/5.3.0/../../../../x86_64-unknown-linux-gnu/lib/:/sw/global/compilers/gcc/5.3.0/lib/gcc/x86_64-unknown-linux-gnu/5.3.0/../../../:/lib/:/usr/lib/
COLLECT_GCC_OPTIONS='-v' '-o' 'cmTC_3d1b8' '-mtune=generic' '-march=x86-64'
 /sw/global/compilers/gcc/5.3.0/libexec/gcc/x86_64-unknown-linux-gnu/5.3.0/collect2 --eh-frame-hdr -m elf_x86_64 -dynamic-linker /lib64/ld-linux-x86-64.so.2 -o cmTC_3d1b8 /usr/lib/../lib64/crt1.o /usr/lib/../lib64/crti.o /sw/global/compilers/gcc/5.3.0/lib/gcc/x86_64-unknown-linux-gnu/5.3.0/crtbegin.o -L/sw/global/compilers/gcc/5.3.0/lib/gcc/x86_64-unknown-linux-gnu/5.3.0 -L/sw/global/compilers/gcc/5.3.0/lib/gcc/x86_64-unknown-linux-gnu/5.3.0/../../../../lib64 -L/lib/../lib64 -L/usr/lib/../lib64 -L/sw/global/compilers/gcc/5.3.0/lib/gcc/x86_64-unknown-linux-gnu/5.3.0/../../../../x86_64-unknown-linux-gnu/lib -L/sw/global/compilers/gcc/5.3.0/lib/gcc/x86_64-unknown-linux-gnu/5.3.0/../../.. CMakeFiles/cmTC_3d1b8.dir/CMakeCCompilerABI.c.o -lgcc --as-needed -lgcc_s --no-as-needed -lc -lgcc --as-needed -lgcc_s --no-as-needed /sw/global/compilers/gcc/5.3.0/lib/gcc/x86_64-unknown-linux-gnu/5.3.0/crtend.o /usr/lib/../lib64/crtn.o
gmake[1]: Leaving directory `/home/h6/s0134766/picongpuProjects/LWFA_asInExp/.build/CMakeFiles/CMakeTmp'


Parsed C implicit link information from above output:
  link line regex: [^( *|.*[/\])(ld|CMAKE_LINK_STARTFILE-NOTFOUND|([^/\]+-)?ld|collect2)[^/\]*( |$)]
  ignore line: [Change Dir: /home/s0134766/picongpuProjects/LWFA_asInExp/.build/CMakeFiles/CMakeTmp]
  ignore line: []
  ignore line: [Run Build Command:"/usr/bin/gmake" "cmTC_3d1b8/fast"]
  ignore line: [/usr/bin/gmake -f CMakeFiles/cmTC_3d1b8.dir/build.make CMakeFiles/cmTC_3d1b8.dir/build]
  ignore line: [gmake[1]: Entering directory `/home/h6/s0134766/picongpuProjects/LWFA_asInExp/.build/CMakeFiles/CMakeTmp']
  ignore line: [Building C object CMakeFiles/cmTC_3d1b8.dir/CMakeCCompilerABI.c.o]
  ignore line: [/sw/global/compilers/gcc/5.3.0/bin/gcc    -o CMakeFiles/cmTC_3d1b8.dir/CMakeCCompilerABI.c.o   -c /sw/global/tools/cmake/3.9.0/share/cmake-3.9/Modules/CMakeCCompilerABI.c]
  ignore line: [Linking C executable cmTC_3d1b8]
  ignore line: [/sw/global/tools/cmake/3.9.0/bin/cmake -E cmake_link_script CMakeFiles/cmTC_3d1b8.dir/link.txt --verbose=1]
  ignore line: [/sw/global/compilers/gcc/5.3.0/bin/gcc     -v CMakeFiles/cmTC_3d1b8.dir/CMakeCCompilerABI.c.o  -o cmTC_3d1b8 ]
  ignore line: [Using built-in specs.]
  ignore line: [COLLECT_GCC=/sw/global/compilers/gcc/5.3.0/bin/gcc]
  ignore line: [COLLECT_LTO_WRAPPER=/sw/global/compilers/gcc/5.3.0/libexec/gcc/x86_64-unknown-linux-gnu/5.3.0/lto-wrapper]
  ignore line: [Target: x86_64-unknown-linux-gnu]
  ignore line: [Configured with: /dev/shm/gcc-build/gcc-5.3.0/configure --prefix=/sw/global/compilers/gcc/5.3.0 --disable-multilib]
  ignore line: [Thread model: posix]
  ignore line: [gcc version 5.3.0 (GCC) ]
  ignore line: [COMPILER_PATH=/sw/global/compilers/gcc/5.3.0/libexec/gcc/x86_64-unknown-linux-gnu/5.3.0/:/sw/global/compilers/gcc/5.3.0/libexec/gcc/x86_64-unknown-linux-gnu/5.3.0/:/sw/global/compilers/gcc/5.3.0/libexec/gcc/x86_64-unknown-linux-gnu/:/sw/global/compilers/gcc/5.3.0/lib/gcc/x86_64-unknown-linux-gnu/5.3.0/:/sw/global/compilers/gcc/5.3.0/lib/gcc/x86_64-unknown-linux-gnu/:/sw/global/compilers/gcc/5.3.0/lib/gcc/x86_64-unknown-linux-gnu/5.3.0/../../../../x86_64-unknown-linux-gnu/bin/]
  ignore line: [LIBRARY_PATH=/sw/global/compilers/gcc/5.3.0/lib/gcc/x86_64-unknown-linux-gnu/5.3.0/:/sw/global/compilers/gcc/5.3.0/lib/gcc/x86_64-unknown-linux-gnu/5.3.0/../../../../lib64/:/lib/../lib64/:/usr/lib/../lib64/:/sw/global/compilers/gcc/5.3.0/lib/gcc/x86_64-unknown-linux-gnu/5.3.0/../../../../x86_64-unknown-linux-gnu/lib/:/sw/global/compilers/gcc/5.3.0/lib/gcc/x86_64-unknown-linux-gnu/5.3.0/../../../:/lib/:/usr/lib/]
  ignore line: [COLLECT_GCC_OPTIONS='-v' '-o' 'cmTC_3d1b8' '-mtune=generic' '-march=x86-64']
  link line: [ /sw/global/compilers/gcc/5.3.0/libexec/gcc/x86_64-unknown-linux-gnu/5.3.0/collect2 --eh-frame-hdr -m elf_x86_64 -dynamic-linker /lib64/ld-linux-x86-64.so.2 -o cmTC_3d1b8 /usr/lib/../lib64/crt1.o /usr/lib/../lib64/crti.o /sw/global/compilers/gcc/5.3.0/lib/gcc/x86_64-unknown-linux-gnu/5.3.0/crtbegin.o -L/sw/global/compilers/gcc/5.3.0/lib/gcc/x86_64-unknown-linux-gnu/5.3.0 -L/sw/global/compilers/gcc/5.3.0/lib/gcc/x86_64-unknown-linux-gnu/5.3.0/../../../../lib64 -L/lib/../lib64 -L/usr/lib/../lib64 -L/sw/global/compilers/gcc/5.3.0/lib/gcc/x86_64-unknown-linux-gnu/5.3.0/../../../../x86_64-unknown-linux-gnu/lib -L/sw/global/compilers/gcc/5.3.0/lib/gcc/x86_64-unknown-linux-gnu/5.3.0/../../.. CMakeFiles/cmTC_3d1b8.dir/CMakeCCompilerABI.c.o -lgcc --as-needed -lgcc_s --no-as-needed -lc -lgcc --as-needed -lgcc_s --no-as-needed /sw/global/compilers/gcc/5.3.0/lib/gcc/x86_64-unknown-linux-gnu/5.3.0/crtend.o /usr/lib/../lib64/crtn.o]
    arg [/sw/global/compilers/gcc/5.3.0/libexec/gcc/x86_64-unknown-linux-gnu/5.3.0/collect2] ==> ignore
    arg [--eh-frame-hdr] ==> ignore
    arg [-m] ==> ignore
    arg [elf_x86_64] ==> ignore
    arg [-dynamic-linker] ==> ignore
    arg [/lib64/ld-linux-x86-64.so.2] ==> ignore
    arg [-o] ==> ignore
    arg [cmTC_3d1b8] ==> ignore
    arg [/usr/lib/../lib64/crt1.o] ==> ignore
    arg [/usr/lib/../lib64/crti.o] ==> ignore
    arg [/sw/global/compilers/gcc/5.3.0/lib/gcc/x86_64-unknown-linux-gnu/5.3.0/crtbegin.o] ==> ignore
    arg [-L/sw/global/compilers/gcc/5.3.0/lib/gcc/x86_64-unknown-linux-gnu/5.3.0] ==> dir [/sw/global/compilers/gcc/5.3.0/lib/gcc/x86_64-unknown-linux-gnu/5.3.0]
    arg [-L/sw/global/compilers/gcc/5.3.0/lib/gcc/x86_64-unknown-linux-gnu/5.3.0/../../../../lib64] ==> dir [/sw/global/compilers/gcc/5.3.0/lib/gcc/x86_64-unknown-linux-gnu/5.3.0/../../../../lib64]
    arg [-L/lib/../lib64] ==> dir [/lib/../lib64]
    arg [-L/usr/lib/../lib64] ==> dir [/usr/lib/../lib64]
    arg [-L/sw/global/compilers/gcc/5.3.0/lib/gcc/x86_64-unknown-linux-gnu/5.3.0/../../../../x86_64-unknown-linux-gnu/lib] ==> dir [/sw/global/compilers/gcc/5.3.0/lib/gcc/x86_64-unknown-linux-gnu/5.3.0/../../../../x86_64-unknown-linux-gnu/lib]
    arg [-L/sw/global/compilers/gcc/5.3.0/lib/gcc/x86_64-unknown-linux-gnu/5.3.0/../../..] ==> dir [/sw/global/compilers/gcc/5.3.0/lib/gcc/x86_64-unknown-linux-gnu/5.3.0/../../..]
    arg [CMakeFiles/cmTC_3d1b8.dir/CMakeCCompilerABI.c.o] ==> ignore
    arg [-lgcc] ==> lib [gcc]
    arg [--as-needed] ==> ignore
    arg [-lgcc_s] ==> lib [gcc_s]
    arg [--no-as-needed] ==> ignore
    arg [-lc] ==> lib [c]
    arg [-lgcc] ==> lib [gcc]
    arg [--as-needed] ==> ignore
    arg [-lgcc_s] ==> lib [gcc_s]
    arg [--no-as-needed] ==> ignore
    arg [/sw/global/compilers/gcc/5.3.0/lib/gcc/x86_64-unknown-linux-gnu/5.3.0/crtend.o] ==> ignore
    arg [/usr/lib/../lib64/crtn.o] ==> ignore
  collapse library dir [/sw/global/compilers/gcc/5.3.0/lib/gcc/x86_64-unknown-linux-gnu/5.3.0] ==> [/sw/global/compilers/gcc/5.3.0/lib/gcc/x86_64-unknown-linux-gnu/5.3.0]
  collapse library dir [/sw/global/compilers/gcc/5.3.0/lib/gcc/x86_64-unknown-linux-gnu/5.3.0/../../../../lib64] ==> [/sw/global/compilers/gcc/5.3.0/lib64]
  collapse library dir [/lib/../lib64] ==> [/lib64]
  collapse library dir [/usr/lib/../lib64] ==> [/usr/lib64]
  collapse library dir [/sw/global/compilers/gcc/5.3.0/lib/gcc/x86_64-unknown-linux-gnu/5.3.0/../../../../x86_64-unknown-linux-gnu/lib] ==> [/sw/global/compilers/gcc/5.3.0/x86_64-unknown-linux-gnu/lib]
  collapse library dir [/sw/global/compilers/gcc/5.3.0/lib/gcc/x86_64-unknown-linux-gnu/5.3.0/../../..] ==> [/sw/global/compilers/gcc/5.3.0/lib]
  implicit libs: [gcc;gcc_s;c;gcc;gcc_s]
  implicit dirs: [/sw/global/compilers/gcc/5.3.0/lib/gcc/x86_64-unknown-linux-gnu/5.3.0;/sw/global/compilers/gcc/5.3.0/lib64;/lib64;/usr/lib64;/sw/global/compilers/gcc/5.3.0/x86_64-unknown-linux-gnu/lib;/sw/global/compilers/gcc/5.3.0/lib]
  implicit fwks: []




Detecting C [-std=c11] compiler features compiled with the following output:
Change Dir: /home/s0134766/picongpuProjects/LWFA_asInExp/.build/CMakeFiles/CMakeTmp

Run Build Command:"/usr/bin/gmake" "cmTC_fa3b2/fast"
/usr/bin/gmake -f CMakeFiles/cmTC_fa3b2.dir/build.make CMakeFiles/cmTC_fa3b2.dir/build
gmake[1]: Entering directory `/home/h6/s0134766/picongpuProjects/LWFA_asInExp/.build/CMakeFiles/CMakeTmp'
Building C object CMakeFiles/cmTC_fa3b2.dir/feature_tests.c.o
/sw/global/compilers/gcc/5.3.0/bin/gcc   -std=c11 -o CMakeFiles/cmTC_fa3b2.dir/feature_tests.c.o   -c /home/s0134766/picongpuProjects/LWFA_asInExp/.build/CMakeFiles/feature_tests.c
Linking C executable cmTC_fa3b2
/sw/global/tools/cmake/3.9.0/bin/cmake -E cmake_link_script CMakeFiles/cmTC_fa3b2.dir/link.txt --verbose=1
/sw/global/compilers/gcc/5.3.0/bin/gcc      CMakeFiles/cmTC_fa3b2.dir/feature_tests.c.o  -o cmTC_fa3b2 
gmake[1]: Leaving directory `/home/h6/s0134766/picongpuProjects/LWFA_asInExp/.build/CMakeFiles/CMakeTmp'


    Feature record: C_FEATURE:1c_function_prototypes
    Feature record: C_FEATURE:1c_restrict
    Feature record: C_FEATURE:1c_static_assert
    Feature record: C_FEATURE:1c_variadic_macros


Detecting C [-std=c99] compiler features compiled with the following output:
Change Dir: /home/s0134766/picongpuProjects/LWFA_asInExp/.build/CMakeFiles/CMakeTmp

Run Build Command:"/usr/bin/gmake" "cmTC_95aad/fast"
/usr/bin/gmake -f CMakeFiles/cmTC_95aad.dir/build.make CMakeFiles/cmTC_95aad.dir/build
gmake[1]: Entering directory `/home/h6/s0134766/picongpuProjects/LWFA_asInExp/.build/CMakeFiles/CMakeTmp'
Building C object CMakeFiles/cmTC_95aad.dir/feature_tests.c.o
/sw/global/compilers/gcc/5.3.0/bin/gcc   -std=c99 -o CMakeFiles/cmTC_95aad.dir/feature_tests.c.o   -c /home/s0134766/picongpuProjects/LWFA_asInExp/.build/CMakeFiles/feature_tests.c
Linking C executable cmTC_95aad
/sw/global/tools/cmake/3.9.0/bin/cmake -E cmake_link_script CMakeFiles/cmTC_95aad.dir/link.txt --verbose=1
/sw/global/compilers/gcc/5.3.0/bin/gcc      CMakeFiles/cmTC_95aad.dir/feature_tests.c.o  -o cmTC_95aad 
gmake[1]: Leaving directory `/home/h6/s0134766/picongpuProjects/LWFA_asInExp/.build/CMakeFiles/CMakeTmp'


    Feature record: C_FEATURE:1c_function_prototypes
    Feature record: C_FEATURE:1c_restrict
    Feature record: C_FEATURE:0c_static_assert
    Feature record: C_FEATURE:1c_variadic_macros


Detecting C [-std=c90] compiler features compiled with the following output:
Change Dir: /home/s0134766/picongpuProjects/LWFA_asInExp/.build/CMakeFiles/CMakeTmp

Run Build Command:"/usr/bin/gmake" "cmTC_292dc/fast"
/usr/bin/gmake -f CMakeFiles/cmTC_292dc.dir/build.make CMakeFiles/cmTC_292dc.dir/build
gmake[1]: Entering directory `/home/h6/s0134766/picongpuProjects/LWFA_asInExp/.build/CMakeFiles/CMakeTmp'
Building C object CMakeFiles/cmTC_292dc.dir/feature_tests.c.o
/sw/global/compilers/gcc/5.3.0/bin/gcc   -std=c90 -o CMakeFiles/cmTC_292dc.dir/feature_tests.c.o   -c /home/s0134766/picongpuProjects/LWFA_asInExp/.build/CMakeFiles/feature_tests.c
Linking C executable cmTC_292dc
/sw/global/tools/cmake/3.9.0/bin/cmake -E cmake_link_script CMakeFiles/cmTC_292dc.dir/link.txt --verbose=1
/sw/global/compilers/gcc/5.3.0/bin/gcc      CMakeFiles/cmTC_292dc.dir/feature_tests.c.o  -o cmTC_292dc 
gmake[1]: Leaving directory `/home/h6/s0134766/picongpuProjects/LWFA_asInExp/.build/CMakeFiles/CMakeTmp'


    Feature record: C_FEATURE:1c_function_prototypes
    Feature record: C_FEATURE:0c_restrict
    Feature record: C_FEATURE:0c_static_assert
    Feature record: C_FEATURE:0c_variadic_macros
Determining if the CXX compiler works passed with the following output:
Change Dir: /home/s0134766/picongpuProjects/LWFA_asInExp/.build/CMakeFiles/CMakeTmp

Run Build Command:"/usr/bin/gmake" "cmTC_797b4/fast"
/usr/bin/gmake -f CMakeFiles/cmTC_797b4.dir/build.make CMakeFiles/cmTC_797b4.dir/build
gmake[1]: Entering directory `/home/h6/s0134766/picongpuProjects/LWFA_asInExp/.build/CMakeFiles/CMakeTmp'
Building CXX object CMakeFiles/cmTC_797b4.dir/testCXXCompiler.cxx.o
/sw/global/compilers/gcc/5.3.0/bin/g++     -o CMakeFiles/cmTC_797b4.dir/testCXXCompiler.cxx.o -c /home/s0134766/picongpuProjects/LWFA_asInExp/.build/CMakeFiles/CMakeTmp/testCXXCompiler.cxx
Linking CXX executable cmTC_797b4
/sw/global/tools/cmake/3.9.0/bin/cmake -E cmake_link_script CMakeFiles/cmTC_797b4.dir/link.txt --verbose=1
/sw/global/compilers/gcc/5.3.0/bin/g++       CMakeFiles/cmTC_797b4.dir/testCXXCompiler.cxx.o  -o cmTC_797b4 
gmake[1]: Leaving directory `/home/h6/s0134766/picongpuProjects/LWFA_asInExp/.build/CMakeFiles/CMakeTmp'


Detecting CXX compiler ABI info compiled with the following output:
Change Dir: /home/s0134766/picongpuProjects/LWFA_asInExp/.build/CMakeFiles/CMakeTmp

Run Build Command:"/usr/bin/gmake" "cmTC_4f857/fast"
/usr/bin/gmake -f CMakeFiles/cmTC_4f857.dir/build.make CMakeFiles/cmTC_4f857.dir/build
gmake[1]: Entering directory `/home/h6/s0134766/picongpuProjects/LWFA_asInExp/.build/CMakeFiles/CMakeTmp'
Building CXX object CMakeFiles/cmTC_4f857.dir/CMakeCXXCompilerABI.cpp.o
/sw/global/compilers/gcc/5.3.0/bin/g++     -o CMakeFiles/cmTC_4f857.dir/CMakeCXXCompilerABI.cpp.o -c /sw/global/tools/cmake/3.9.0/share/cmake-3.9/Modules/CMakeCXXCompilerABI.cpp
Linking CXX executable cmTC_4f857
/sw/global/tools/cmake/3.9.0/bin/cmake -E cmake_link_script CMakeFiles/cmTC_4f857.dir/link.txt --verbose=1
/sw/global/compilers/gcc/5.3.0/bin/g++      -v CMakeFiles/cmTC_4f857.dir/CMakeCXXCompilerABI.cpp.o  -o cmTC_4f857 
Using built-in specs.
COLLECT_GCC=/sw/global/compilers/gcc/5.3.0/bin/g++
COLLECT_LTO_WRAPPER=/sw/global/compilers/gcc/5.3.0/libexec/gcc/x86_64-unknown-linux-gnu/5.3.0/lto-wrapper
Target: x86_64-unknown-linux-gnu
Configured with: /dev/shm/gcc-build/gcc-5.3.0/configure --prefix=/sw/global/compilers/gcc/5.3.0 --disable-multilib
Thread model: posix
gcc version 5.3.0 (GCC) 
COMPILER_PATH=/sw/global/compilers/gcc/5.3.0/libexec/gcc/x86_64-unknown-linux-gnu/5.3.0/:/sw/global/compilers/gcc/5.3.0/libexec/gcc/x86_64-unknown-linux-gnu/5.3.0/:/sw/global/compilers/gcc/5.3.0/libexec/gcc/x86_64-unknown-linux-gnu/:/sw/global/compilers/gcc/5.3.0/lib/gcc/x86_64-unknown-linux-gnu/5.3.0/:/sw/global/compilers/gcc/5.3.0/lib/gcc/x86_64-unknown-linux-gnu/:/sw/global/compilers/gcc/5.3.0/lib/gcc/x86_64-unknown-linux-gnu/5.3.0/../../../../x86_64-unknown-linux-gnu/bin/
LIBRARY_PATH=/sw/global/compilers/gcc/5.3.0/lib/gcc/x86_64-unknown-linux-gnu/5.3.0/:/sw/global/compilers/gcc/5.3.0/lib/gcc/x86_64-unknown-linux-gnu/5.3.0/../../../../lib64/:/lib/../lib64/:/usr/lib/../lib64/:/sw/global/compilers/gcc/5.3.0/lib/gcc/x86_64-unknown-linux-gnu/5.3.0/../../../../x86_64-unknown-linux-gnu/lib/:/sw/global/compilers/gcc/5.3.0/lib/gcc/x86_64-unknown-linux-gnu/5.3.0/../../../:/lib/:/usr/lib/
COLLECT_GCC_OPTIONS='-v' '-o' 'cmTC_4f857' '-shared-libgcc' '-mtune=generic' '-march=x86-64'
 /sw/global/compilers/gcc/5.3.0/libexec/gcc/x86_64-unknown-linux-gnu/5.3.0/collect2 --eh-frame-hdr -m elf_x86_64 -dynamic-linker /lib64/ld-linux-x86-64.so.2 -o cmTC_4f857 /usr/lib/../lib64/crt1.o /usr/lib/../lib64/crti.o /sw/global/compilers/gcc/5.3.0/lib/gcc/x86_64-unknown-linux-gnu/5.3.0/crtbegin.o -L/sw/global/compilers/gcc/5.3.0/lib/gcc/x86_64-unknown-linux-gnu/5.3.0 -L/sw/global/compilers/gcc/5.3.0/lib/gcc/x86_64-unknown-linux-gnu/5.3.0/../../../../lib64 -L/lib/../lib64 -L/usr/lib/../lib64 -L/sw/global/compilers/gcc/5.3.0/lib/gcc/x86_64-unknown-linux-gnu/5.3.0/../../../../x86_64-unknown-linux-gnu/lib -L/sw/global/compilers/gcc/5.3.0/lib/gcc/x86_64-unknown-linux-gnu/5.3.0/../../.. CMakeFiles/cmTC_4f857.dir/CMakeCXXCompilerABI.cpp.o -lstdc++ -lm -lgcc_s -lgcc -lc -lgcc_s -lgcc /sw/global/compilers/gcc/5.3.0/lib/gcc/x86_64-unknown-linux-gnu/5.3.0/crtend.o /usr/lib/../lib64/crtn.o
gmake[1]: Leaving directory `/home/h6/s0134766/picongpuProjects/LWFA_asInExp/.build/CMakeFiles/CMakeTmp'


Parsed CXX implicit link information from above output:
  link line regex: [^( *|.*[/\])(ld|CMAKE_LINK_STARTFILE-NOTFOUND|([^/\]+-)?ld|collect2)[^/\]*( |$)]
  ignore line: [Change Dir: /home/s0134766/picongpuProjects/LWFA_asInExp/.build/CMakeFiles/CMakeTmp]
  ignore line: []
  ignore line: [Run Build Command:"/usr/bin/gmake" "cmTC_4f857/fast"]
  ignore line: [/usr/bin/gmake -f CMakeFiles/cmTC_4f857.dir/build.make CMakeFiles/cmTC_4f857.dir/build]
  ignore line: [gmake[1]: Entering directory `/home/h6/s0134766/picongpuProjects/LWFA_asInExp/.build/CMakeFiles/CMakeTmp']
  ignore line: [Building CXX object CMakeFiles/cmTC_4f857.dir/CMakeCXXCompilerABI.cpp.o]
  ignore line: [/sw/global/compilers/gcc/5.3.0/bin/g++     -o CMakeFiles/cmTC_4f857.dir/CMakeCXXCompilerABI.cpp.o -c /sw/global/tools/cmake/3.9.0/share/cmake-3.9/Modules/CMakeCXXCompilerABI.cpp]
  ignore line: [Linking CXX executable cmTC_4f857]
  ignore line: [/sw/global/tools/cmake/3.9.0/bin/cmake -E cmake_link_script CMakeFiles/cmTC_4f857.dir/link.txt --verbose=1]
  ignore line: [/sw/global/compilers/gcc/5.3.0/bin/g++      -v CMakeFiles/cmTC_4f857.dir/CMakeCXXCompilerABI.cpp.o  -o cmTC_4f857 ]
  ignore line: [Using built-in specs.]
  ignore line: [COLLECT_GCC=/sw/global/compilers/gcc/5.3.0/bin/g++]
  ignore line: [COLLECT_LTO_WRAPPER=/sw/global/compilers/gcc/5.3.0/libexec/gcc/x86_64-unknown-linux-gnu/5.3.0/lto-wrapper]
  ignore line: [Target: x86_64-unknown-linux-gnu]
  ignore line: [Configured with: /dev/shm/gcc-build/gcc-5.3.0/configure --prefix=/sw/global/compilers/gcc/5.3.0 --disable-multilib]
  ignore line: [Thread model: posix]
  ignore line: [gcc version 5.3.0 (GCC) ]
  ignore line: [COMPILER_PATH=/sw/global/compilers/gcc/5.3.0/libexec/gcc/x86_64-unknown-linux-gnu/5.3.0/:/sw/global/compilers/gcc/5.3.0/libexec/gcc/x86_64-unknown-linux-gnu/5.3.0/:/sw/global/compilers/gcc/5.3.0/libexec/gcc/x86_64-unknown-linux-gnu/:/sw/global/compilers/gcc/5.3.0/lib/gcc/x86_64-unknown-linux-gnu/5.3.0/:/sw/global/compilers/gcc/5.3.0/lib/gcc/x86_64-unknown-linux-gnu/:/sw/global/compilers/gcc/5.3.0/lib/gcc/x86_64-unknown-linux-gnu/5.3.0/../../../../x86_64-unknown-linux-gnu/bin/]
  ignore line: [LIBRARY_PATH=/sw/global/compilers/gcc/5.3.0/lib/gcc/x86_64-unknown-linux-gnu/5.3.0/:/sw/global/compilers/gcc/5.3.0/lib/gcc/x86_64-unknown-linux-gnu/5.3.0/../../../../lib64/:/lib/../lib64/:/usr/lib/../lib64/:/sw/global/compilers/gcc/5.3.0/lib/gcc/x86_64-unknown-linux-gnu/5.3.0/../../../../x86_64-unknown-linux-gnu/lib/:/sw/global/compilers/gcc/5.3.0/lib/gcc/x86_64-unknown-linux-gnu/5.3.0/../../../:/lib/:/usr/lib/]
  ignore line: [COLLECT_GCC_OPTIONS='-v' '-o' 'cmTC_4f857' '-shared-libgcc' '-mtune=generic' '-march=x86-64']
  link line: [ /sw/global/compilers/gcc/5.3.0/libexec/gcc/x86_64-unknown-linux-gnu/5.3.0/collect2 --eh-frame-hdr -m elf_x86_64 -dynamic-linker /lib64/ld-linux-x86-64.so.2 -o cmTC_4f857 /usr/lib/../lib64/crt1.o /usr/lib/../lib64/crti.o /sw/global/compilers/gcc/5.3.0/lib/gcc/x86_64-unknown-linux-gnu/5.3.0/crtbegin.o -L/sw/global/compilers/gcc/5.3.0/lib/gcc/x86_64-unknown-linux-gnu/5.3.0 -L/sw/global/compilers/gcc/5.3.0/lib/gcc/x86_64-unknown-linux-gnu/5.3.0/../../../../lib64 -L/lib/../lib64 -L/usr/lib/../lib64 -L/sw/global/compilers/gcc/5.3.0/lib/gcc/x86_64-unknown-linux-gnu/5.3.0/../../../../x86_64-unknown-linux-gnu/lib -L/sw/global/compilers/gcc/5.3.0/lib/gcc/x86_64-unknown-linux-gnu/5.3.0/../../.. CMakeFiles/cmTC_4f857.dir/CMakeCXXCompilerABI.cpp.o -lstdc++ -lm -lgcc_s -lgcc -lc -lgcc_s -lgcc /sw/global/compilers/gcc/5.3.0/lib/gcc/x86_64-unknown-linux-gnu/5.3.0/crtend.o /usr/lib/../lib64/crtn.o]
    arg [/sw/global/compilers/gcc/5.3.0/libexec/gcc/x86_64-unknown-linux-gnu/5.3.0/collect2] ==> ignore
    arg [--eh-frame-hdr] ==> ignore
    arg [-m] ==> ignore
    arg [elf_x86_64] ==> ignore
    arg [-dynamic-linker] ==> ignore
    arg [/lib64/ld-linux-x86-64.so.2] ==> ignore
    arg [-o] ==> ignore
    arg [cmTC_4f857] ==> ignore
    arg [/usr/lib/../lib64/crt1.o] ==> ignore
    arg [/usr/lib/../lib64/crti.o] ==> ignore
    arg [/sw/global/compilers/gcc/5.3.0/lib/gcc/x86_64-unknown-linux-gnu/5.3.0/crtbegin.o] ==> ignore
    arg [-L/sw/global/compilers/gcc/5.3.0/lib/gcc/x86_64-unknown-linux-gnu/5.3.0] ==> dir [/sw/global/compilers/gcc/5.3.0/lib/gcc/x86_64-unknown-linux-gnu/5.3.0]
    arg [-L/sw/global/compilers/gcc/5.3.0/lib/gcc/x86_64-unknown-linux-gnu/5.3.0/../../../../lib64] ==> dir [/sw/global/compilers/gcc/5.3.0/lib/gcc/x86_64-unknown-linux-gnu/5.3.0/../../../../lib64]
    arg [-L/lib/../lib64] ==> dir [/lib/../lib64]
    arg [-L/usr/lib/../lib64] ==> dir [/usr/lib/../lib64]
    arg [-L/sw/global/compilers/gcc/5.3.0/lib/gcc/x86_64-unknown-linux-gnu/5.3.0/../../../../x86_64-unknown-linux-gnu/lib] ==> dir [/sw/global/compilers/gcc/5.3.0/lib/gcc/x86_64-unknown-linux-gnu/5.3.0/../../../../x86_64-unknown-linux-gnu/lib]
    arg [-L/sw/global/compilers/gcc/5.3.0/lib/gcc/x86_64-unknown-linux-gnu/5.3.0/../../..] ==> dir [/sw/global/compilers/gcc/5.3.0/lib/gcc/x86_64-unknown-linux-gnu/5.3.0/../../..]
    arg [CMakeFiles/cmTC_4f857.dir/CMakeCXXCompilerABI.cpp.o] ==> ignore
    arg [-lstdc++] ==> lib [stdc++]
    arg [-lm] ==> lib [m]
    arg [-lgcc_s] ==> lib [gcc_s]
    arg [-lgcc] ==> lib [gcc]
    arg [-lc] ==> lib [c]
    arg [-lgcc_s] ==> lib [gcc_s]
    arg [-lgcc] ==> lib [gcc]
    arg [/sw/global/compilers/gcc/5.3.0/lib/gcc/x86_64-unknown-linux-gnu/5.3.0/crtend.o] ==> ignore
    arg [/usr/lib/../lib64/crtn.o] ==> ignore
  collapse library dir [/sw/global/compilers/gcc/5.3.0/lib/gcc/x86_64-unknown-linux-gnu/5.3.0] ==> [/sw/global/compilers/gcc/5.3.0/lib/gcc/x86_64-unknown-linux-gnu/5.3.0]
  collapse library dir [/sw/global/compilers/gcc/5.3.0/lib/gcc/x86_64-unknown-linux-gnu/5.3.0/../../../../lib64] ==> [/sw/global/compilers/gcc/5.3.0/lib64]
  collapse library dir [/lib/../lib64] ==> [/lib64]
  collapse library dir [/usr/lib/../lib64] ==> [/usr/lib64]
  collapse library dir [/sw/global/compilers/gcc/5.3.0/lib/gcc/x86_64-unknown-linux-gnu/5.3.0/../../../../x86_64-unknown-linux-gnu/lib] ==> [/sw/global/compilers/gcc/5.3.0/x86_64-unknown-linux-gnu/lib]
  collapse library dir [/sw/global/compilers/gcc/5.3.0/lib/gcc/x86_64-unknown-linux-gnu/5.3.0/../../..] ==> [/sw/global/compilers/gcc/5.3.0/lib]
  implicit libs: [stdc++;m;gcc_s;gcc;c;gcc_s;gcc]
  implicit dirs: [/sw/global/compilers/gcc/5.3.0/lib/gcc/x86_64-unknown-linux-gnu/5.3.0;/sw/global/compilers/gcc/5.3.0/lib64;/lib64;/usr/lib64;/sw/global/compilers/gcc/5.3.0/x86_64-unknown-linux-gnu/lib;/sw/global/compilers/gcc/5.3.0/lib]
  implicit fwks: []




Detecting CXX [-std=c++1z] compiler features compiled with the following output:
Change Dir: /home/s0134766/picongpuProjects/LWFA_asInExp/.build/CMakeFiles/CMakeTmp

Run Build Command:"/usr/bin/gmake" "cmTC_786b3/fast"
/usr/bin/gmake -f CMakeFiles/cmTC_786b3.dir/build.make CMakeFiles/cmTC_786b3.dir/build
gmake[1]: Entering directory `/home/h6/s0134766/picongpuProjects/LWFA_asInExp/.build/CMakeFiles/CMakeTmp'
Building CXX object CMakeFiles/cmTC_786b3.dir/feature_tests.cxx.o
/sw/global/compilers/gcc/5.3.0/bin/g++    -std=c++1z -o CMakeFiles/cmTC_786b3.dir/feature_tests.cxx.o -c /home/s0134766/picongpuProjects/LWFA_asInExp/.build/CMakeFiles/feature_tests.cxx
Linking CXX executable cmTC_786b3
/sw/global/tools/cmake/3.9.0/bin/cmake -E cmake_link_script CMakeFiles/cmTC_786b3.dir/link.txt --verbose=1
/sw/global/compilers/gcc/5.3.0/bin/g++       CMakeFiles/cmTC_786b3.dir/feature_tests.cxx.o  -o cmTC_786b3 
gmake[1]: Leaving directory `/home/h6/s0134766/picongpuProjects/LWFA_asInExp/.build/CMakeFiles/CMakeTmp'


    Feature record: CXX_FEATURE:1cxx_aggregate_default_initializers
    Feature record: CXX_FEATURE:1cxx_alias_templates
    Feature record: CXX_FEATURE:1cxx_alignas
    Feature record: CXX_FEATURE:1cxx_alignof
    Feature record: CXX_FEATURE:1cxx_attributes
    Feature record: CXX_FEATURE:1cxx_attribute_deprecated
    Feature record: CXX_FEATURE:1cxx_auto_type
    Feature record: CXX_FEATURE:1cxx_binary_literals
    Feature record: CXX_FEATURE:1cxx_constexpr
    Feature record: CXX_FEATURE:1cxx_contextual_conversions
    Feature record: CXX_FEATURE:1cxx_decltype
    Feature record: CXX_FEATURE:1cxx_decltype_auto
    Feature record: CXX_FEATURE:1cxx_decltype_incomplete_return_types
    Feature record: CXX_FEATURE:1cxx_default_function_template_args
    Feature record: CXX_FEATURE:1cxx_defaulted_functions
    Feature record: CXX_FEATURE:1cxx_defaulted_move_initializers
    Feature record: CXX_FEATURE:1cxx_delegating_constructors
    Feature record: CXX_FEATURE:1cxx_deleted_functions
    Feature record: CXX_FEATURE:1cxx_digit_separators
    Feature record: CXX_FEATURE:1cxx_enum_forward_declarations
    Feature record: CXX_FEATURE:1cxx_explicit_conversions
    Feature record: CXX_FEATURE:1cxx_extended_friend_declarations
    Feature record: CXX_FEATURE:1cxx_extern_templates
    Feature record: CXX_FEATURE:1cxx_final
    Feature record: CXX_FEATURE:1cxx_func_identifier
    Feature record: CXX_FEATURE:1cxx_generalized_initializers
    Feature record: CXX_FEATURE:1cxx_generic_lambdas
    Feature record: CXX_FEATURE:1cxx_inheriting_constructors
    Feature record: CXX_FEATURE:1cxx_inline_namespaces
    Feature record: CXX_FEATURE:1cxx_lambdas
    Feature record: CXX_FEATURE:1cxx_lambda_init_captures
    Feature record: CXX_FEATURE:1cxx_local_type_template_args
    Feature record: CXX_FEATURE:1cxx_long_long_type
    Feature record: CXX_FEATURE:1cxx_noexcept
    Feature record: CXX_FEATURE:1cxx_nonstatic_member_init
    Feature record: CXX_FEATURE:1cxx_nullptr
    Feature record: CXX_FEATURE:1cxx_override
    Feature record: CXX_FEATURE:1cxx_range_for
    Feature record: CXX_FEATURE:1cxx_raw_string_literals
    Feature record: CXX_FEATURE:1cxx_reference_qualified_functions
    Feature record: CXX_FEATURE:1cxx_relaxed_constexpr
    Feature record: CXX_FEATURE:1cxx_return_type_deduction
    Feature record: CXX_FEATURE:1cxx_right_angle_brackets
    Feature record: CXX_FEATURE:1cxx_rvalue_references
    Feature record: CXX_FEATURE:1cxx_sizeof_member
    Feature record: CXX_FEATURE:1cxx_static_assert
    Feature record: CXX_FEATURE:1cxx_strong_enums
    Feature record: CXX_FEATURE:1cxx_template_template_parameters
    Feature record: CXX_FEATURE:1cxx_thread_local
    Feature record: CXX_FEATURE:1cxx_trailing_return_types
    Feature record: CXX_FEATURE:1cxx_unicode_literals
    Feature record: CXX_FEATURE:1cxx_uniform_initialization
    Feature record: CXX_FEATURE:1cxx_unrestricted_unions
    Feature record: CXX_FEATURE:1cxx_user_literals
    Feature record: CXX_FEATURE:1cxx_variable_templates
    Feature record: CXX_FEATURE:1cxx_variadic_macros
    Feature record: CXX_FEATURE:1cxx_variadic_templates


Detecting CXX [-std=c++14] compiler features compiled with the following output:
Change Dir: /home/s0134766/picongpuProjects/LWFA_asInExp/.build/CMakeFiles/CMakeTmp

Run Build Command:"/usr/bin/gmake" "cmTC_58acb/fast"
/usr/bin/gmake -f CMakeFiles/cmTC_58acb.dir/build.make CMakeFiles/cmTC_58acb.dir/build
gmake[1]: Entering directory `/home/h6/s0134766/picongpuProjects/LWFA_asInExp/.build/CMakeFiles/CMakeTmp'
Building CXX object CMakeFiles/cmTC_58acb.dir/feature_tests.cxx.o
/sw/global/compilers/gcc/5.3.0/bin/g++    -std=c++14 -o CMakeFiles/cmTC_58acb.dir/feature_tests.cxx.o -c /home/s0134766/picongpuProjects/LWFA_asInExp/.build/CMakeFiles/feature_tests.cxx
Linking CXX executable cmTC_58acb
/sw/global/tools/cmake/3.9.0/bin/cmake -E cmake_link_script CMakeFiles/cmTC_58acb.dir/link.txt --verbose=1
/sw/global/compilers/gcc/5.3.0/bin/g++       CMakeFiles/cmTC_58acb.dir/feature_tests.cxx.o  -o cmTC_58acb 
gmake[1]: Leaving directory `/home/h6/s0134766/picongpuProjects/LWFA_asInExp/.build/CMakeFiles/CMakeTmp'


    Feature record: CXX_FEATURE:1cxx_aggregate_default_initializers
    Feature record: CXX_FEATURE:1cxx_alias_templates
    Feature record: CXX_FEATURE:1cxx_alignas
    Feature record: CXX_FEATURE:1cxx_alignof
    Feature record: CXX_FEATURE:1cxx_attributes
    Feature record: CXX_FEATURE:1cxx_attribute_deprecated
    Feature record: CXX_FEATURE:1cxx_auto_type
    Feature record: CXX_FEATURE:1cxx_binary_literals
    Feature record: CXX_FEATURE:1cxx_constexpr
    Feature record: CXX_FEATURE:1cxx_contextual_conversions
    Feature record: CXX_FEATURE:1cxx_decltype
    Feature record: CXX_FEATURE:1cxx_decltype_auto
    Feature record: CXX_FEATURE:1cxx_decltype_incomplete_return_types
    Feature record: CXX_FEATURE:1cxx_default_function_template_args
    Feature record: CXX_FEATURE:1cxx_defaulted_functions
    Feature record: CXX_FEATURE:1cxx_defaulted_move_initializers
    Feature record: CXX_FEATURE:1cxx_delegating_constructors
    Feature record: CXX_FEATURE:1cxx_deleted_functions
    Feature record: CXX_FEATURE:1cxx_digit_separators
    Feature record: CXX_FEATURE:1cxx_enum_forward_declarations
    Feature record: CXX_FEATURE:1cxx_explicit_conversions
    Feature record: CXX_FEATURE:1cxx_extended_friend_declarations
    Feature record: CXX_FEATURE:1cxx_extern_templates
    Feature record: CXX_FEATURE:1cxx_final
    Feature record: CXX_FEATURE:1cxx_func_identifier
    Feature record: CXX_FEATURE:1cxx_generalized_initializers
    Feature record: CXX_FEATURE:1cxx_generic_lambdas
    Feature record: CXX_FEATURE:1cxx_inheriting_constructors
    Feature record: CXX_FEATURE:1cxx_inline_namespaces
    Feature record: CXX_FEATURE:1cxx_lambdas
    Feature record: CXX_FEATURE:1cxx_lambda_init_captures
    Feature record: CXX_FEATURE:1cxx_local_type_template_args
    Feature record: CXX_FEATURE:1cxx_long_long_type
    Feature record: CXX_FEATURE:1cxx_noexcept
    Feature record: CXX_FEATURE:1cxx_nonstatic_member_init
    Feature record: CXX_FEATURE:1cxx_nullptr
    Feature record: CXX_FEATURE:1cxx_override
    Feature record: CXX_FEATURE:1cxx_range_for
    Feature record: CXX_FEATURE:1cxx_raw_string_literals
    Feature record: CXX_FEATURE:1cxx_reference_qualified_functions
    Feature record: CXX_FEATURE:1cxx_relaxed_constexpr
    Feature record: CXX_FEATURE:1cxx_return_type_deduction
    Feature record: CXX_FEATURE:1cxx_right_angle_brackets
    Feature record: CXX_FEATURE:1cxx_rvalue_references
    Feature record: CXX_FEATURE:1cxx_sizeof_member
    Feature record: CXX_FEATURE:1cxx_static_assert
    Feature record: CXX_FEATURE:1cxx_strong_enums
    Feature record: CXX_FEATURE:1cxx_template_template_parameters
    Feature record: CXX_FEATURE:1cxx_thread_local
    Feature record: CXX_FEATURE:1cxx_trailing_return_types
    Feature record: CXX_FEATURE:1cxx_unicode_literals
    Feature record: CXX_FEATURE:1cxx_uniform_initialization
    Feature record: CXX_FEATURE:1cxx_unrestricted_unions
    Feature record: CXX_FEATURE:1cxx_user_literals
    Feature record: CXX_FEATURE:1cxx_variable_templates
    Feature record: CXX_FEATURE:1cxx_variadic_macros
    Feature record: CXX_FEATURE:1cxx_variadic_templates


Detecting CXX [-std=c++11] compiler features compiled with the following output:
Change Dir: /home/s0134766/picongpuProjects/LWFA_asInExp/.build/CMakeFiles/CMakeTmp

Run Build Command:"/usr/bin/gmake" "cmTC_2f8c7/fast"
/usr/bin/gmake -f CMakeFiles/cmTC_2f8c7.dir/build.make CMakeFiles/cmTC_2f8c7.dir/build
gmake[1]: Entering directory `/home/h6/s0134766/picongpuProjects/LWFA_asInExp/.build/CMakeFiles/CMakeTmp'
Building CXX object CMakeFiles/cmTC_2f8c7.dir/feature_tests.cxx.o
/sw/global/compilers/gcc/5.3.0/bin/g++    -std=c++11 -o CMakeFiles/cmTC_2f8c7.dir/feature_tests.cxx.o -c /home/s0134766/picongpuProjects/LWFA_asInExp/.build/CMakeFiles/feature_tests.cxx
Linking CXX executable cmTC_2f8c7
/sw/global/tools/cmake/3.9.0/bin/cmake -E cmake_link_script CMakeFiles/cmTC_2f8c7.dir/link.txt --verbose=1
/sw/global/compilers/gcc/5.3.0/bin/g++       CMakeFiles/cmTC_2f8c7.dir/feature_tests.cxx.o  -o cmTC_2f8c7 
gmake[1]: Leaving directory `/home/h6/s0134766/picongpuProjects/LWFA_asInExp/.build/CMakeFiles/CMakeTmp'


    Feature record: CXX_FEATURE:0cxx_aggregate_default_initializers
    Feature record: CXX_FEATURE:1cxx_alias_templates
    Feature record: CXX_FEATURE:1cxx_alignas
    Feature record: CXX_FEATURE:1cxx_alignof
    Feature record: CXX_FEATURE:1cxx_attributes
    Feature record: CXX_FEATURE:0cxx_attribute_deprecated
    Feature record: CXX_FEATURE:1cxx_auto_type
    Feature record: CXX_FEATURE:0cxx_binary_literals
    Feature record: CXX_FEATURE:1cxx_constexpr
    Feature record: CXX_FEATURE:0cxx_contextual_conversions
    Feature record: CXX_FEATURE:1cxx_decltype
    Feature record: CXX_FEATURE:0cxx_decltype_auto
    Feature record: CXX_FEATURE:1cxx_decltype_incomplete_return_types
    Feature record: CXX_FEATURE:1cxx_default_function_template_args
    Feature record: CXX_FEATURE:1cxx_defaulted_functions
    Feature record: CXX_FEATURE:1cxx_defaulted_move_initializers
    Feature record: CXX_FEATURE:1cxx_delegating_constructors
    Feature record: CXX_FEATURE:1cxx_deleted_functions
    Feature record: CXX_FEATURE:0cxx_digit_separators
    Feature record: CXX_FEATURE:1cxx_enum_forward_declarations
    Feature record: CXX_FEATURE:1cxx_explicit_conversions
    Feature record: CXX_FEATURE:1cxx_extended_friend_declarations
    Feature record: CXX_FEATURE:1cxx_extern_templates
    Feature record: CXX_FEATURE:1cxx_final
    Feature record: CXX_FEATURE:1cxx_func_identifier
    Feature record: CXX_FEATURE:1cxx_generalized_initializers
    Feature record: CXX_FEATURE:0cxx_generic_lambdas
    Feature record: CXX_FEATURE:1cxx_inheriting_constructors
    Feature record: CXX_FEATURE:1cxx_inline_namespaces
    Feature record: CXX_FEATURE:1cxx_lambdas
    Feature record: CXX_FEATURE:0cxx_lambda_init_captures
    Feature record: CXX_FEATURE:1cxx_local_type_template_args
    Feature record: CXX_FEATURE:1cxx_long_long_type
    Feature record: CXX_FEATURE:1cxx_noexcept
    Feature record: CXX_FEATURE:1cxx_nonstatic_member_init
    Feature record: CXX_FEATURE:1cxx_nullptr
    Feature record: CXX_FEATURE:1cxx_override
    Feature record: CXX_FEATURE:1cxx_range_for
    Feature record: CXX_FEATURE:1cxx_raw_string_literals
    Feature record: CXX_FEATURE:1cxx_reference_qualified_functions
    Feature record: CXX_FEATURE:0cxx_relaxed_constexpr
    Feature record: CXX_FEATURE:0cxx_return_type_deduction
    Feature record: CXX_FEATURE:1cxx_right_angle_brackets
    Feature record: CXX_FEATURE:1cxx_rvalue_references
    Feature record: CXX_FEATURE:1cxx_sizeof_member
    Feature record: CXX_FEATURE:1cxx_static_assert
    Feature record: CXX_FEATURE:1cxx_strong_enums
    Feature record: CXX_FEATURE:1cxx_template_template_parameters
    Feature record: CXX_FEATURE:1cxx_thread_local
    Feature record: CXX_FEATURE:1cxx_trailing_return_types
    Feature record: CXX_FEATURE:1cxx_unicode_literals
    Feature record: CXX_FEATURE:1cxx_uniform_initialization
    Feature record: CXX_FEATURE:1cxx_unrestricted_unions
    Feature record: CXX_FEATURE:1cxx_user_literals
    Feature record: CXX_FEATURE:0cxx_variable_templates
    Feature record: CXX_FEATURE:1cxx_variadic_macros
    Feature record: CXX_FEATURE:1cxx_variadic_templates


Detecting CXX [-std=c++98] compiler features compiled with the following output:
Change Dir: /home/s0134766/picongpuProjects/LWFA_asInExp/.build/CMakeFiles/CMakeTmp

Run Build Command:"/usr/bin/gmake" "cmTC_5102e/fast"
/usr/bin/gmake -f CMakeFiles/cmTC_5102e.dir/build.make CMakeFiles/cmTC_5102e.dir/build
gmake[1]: Entering directory `/home/h6/s0134766/picongpuProjects/LWFA_asInExp/.build/CMakeFiles/CMakeTmp'
Building CXX object CMakeFiles/cmTC_5102e.dir/feature_tests.cxx.o
/sw/global/compilers/gcc/5.3.0/bin/g++    -std=c++98 -o CMakeFiles/cmTC_5102e.dir/feature_tests.cxx.o -c /home/s0134766/picongpuProjects/LWFA_asInExp/.build/CMakeFiles/feature_tests.cxx
Linking CXX executable cmTC_5102e
/sw/global/tools/cmake/3.9.0/bin/cmake -E cmake_link_script CMakeFiles/cmTC_5102e.dir/link.txt --verbose=1
/sw/global/compilers/gcc/5.3.0/bin/g++       CMakeFiles/cmTC_5102e.dir/feature_tests.cxx.o  -o cmTC_5102e 
gmake[1]: Leaving directory `/home/h6/s0134766/picongpuProjects/LWFA_asInExp/.build/CMakeFiles/CMakeTmp'


    Feature record: CXX_FEATURE:0cxx_aggregate_default_initializers
    Feature record: CXX_FEATURE:0cxx_alias_templates
    Feature record: CXX_FEATURE:0cxx_alignas
    Feature record: CXX_FEATURE:0cxx_alignof
    Feature record: CXX_FEATURE:0cxx_attributes
    Feature record: CXX_FEATURE:0cxx_attribute_deprecated
    Feature record: CXX_FEATURE:0cxx_auto_type
    Feature record: CXX_FEATURE:0cxx_binary_literals
    Feature record: CXX_FEATURE:0cxx_constexpr
    Feature record: CXX_FEATURE:0cxx_contextual_conversions
    Feature record: CXX_FEATURE:0cxx_decltype
    Feature record: CXX_FEATURE:0cxx_decltype_auto
    Feature record: CXX_FEATURE:0cxx_decltype_incomplete_return_types
    Feature record: CXX_FEATURE:0cxx_default_function_template_args
    Feature record: CXX_FEATURE:0cxx_defaulted_functions
    Feature record: CXX_FEATURE:0cxx_defaulted_move_initializers
    Feature record: CXX_FEATURE:0cxx_delegating_constructors
    Feature record: CXX_FEATURE:0cxx_deleted_functions
    Feature record: CXX_FEATURE:0cxx_digit_separators
    Feature record: CXX_FEATURE:0cxx_enum_forward_declarations
    Feature record: CXX_FEATURE:0cxx_explicit_conversions
    Feature record: CXX_FEATURE:0cxx_extended_friend_declarations
    Feature record: CXX_FEATURE:0cxx_extern_templates
    Feature record: CXX_FEATURE:0cxx_final
    Feature record: CXX_FEATURE:0cxx_func_identifier
    Feature record: CXX_FEATURE:0cxx_generalized_initializers
    Feature record: CXX_FEATURE:0cxx_generic_lambdas
    Feature record: CXX_FEATURE:0cxx_inheriting_constructors
    Feature record: CXX_FEATURE:0cxx_inline_namespaces
    Feature record: CXX_FEATURE:0cxx_lambdas
    Feature record: CXX_FEATURE:0cxx_lambda_init_captures
    Feature record: CXX_FEATURE:0cxx_local_type_template_args
    Feature record: CXX_FEATURE:0cxx_long_long_type
    Feature record: CXX_FEATURE:0cxx_noexcept
    Feature record: CXX_FEATURE:0cxx_nonstatic_member_init
    Feature record: CXX_FEATURE:0cxx_nullptr
    Feature record: CXX_FEATURE:0cxx_override
    Feature record: CXX_FEATURE:0cxx_range_for
    Feature record: CXX_FEATURE:0cxx_raw_string_literals
    Feature record: CXX_FEATURE:0cxx_reference_qualified_functions
    Feature record: CXX_FEATURE:0cxx_relaxed_constexpr
    Feature record: CXX_FEATURE:0cxx_return_type_deduction
    Feature record: CXX_FEATURE:0cxx_right_angle_brackets
    Feature record: CXX_FEATURE:0cxx_rvalue_references
    Feature record: CXX_FEATURE:0cxx_sizeof_member
    Feature record: CXX_FEATURE:0cxx_static_assert
    Feature record: CXX_FEATURE:0cxx_strong_enums
    Feature record: CXX_FEATURE:1cxx_template_template_parameters
    Feature record: CXX_FEATURE:0cxx_thread_local
    Feature record: CXX_FEATURE:0cxx_trailing_return_types
    Feature record: CXX_FEATURE:0cxx_unicode_literals
    Feature record: CXX_FEATURE:0cxx_uniform_initialization
    Feature record: CXX_FEATURE:0cxx_unrestricted_unions
    Feature record: CXX_FEATURE:0cxx_user_literals
    Feature record: CXX_FEATURE:0cxx_variable_templates
    Feature record: CXX_FEATURE:0cxx_variadic_macros
    Feature record: CXX_FEATURE:0cxx_variadic_templates
Determining if the include file pthread.h exists passed with the following output:
Change Dir: /home/s0134766/picongpuProjects/LWFA_asInExp/.build/CMakeFiles/CMakeTmp

Run Build Command:"/usr/bin/gmake" "cmTC_1ceb8/fast"
/usr/bin/gmake -f CMakeFiles/cmTC_1ceb8.dir/build.make CMakeFiles/cmTC_1ceb8.dir/build
gmake[1]: Entering directory `/home/h6/s0134766/picongpuProjects/LWFA_asInExp/.build/CMakeFiles/CMakeTmp'
Building C object CMakeFiles/cmTC_1ceb8.dir/CheckIncludeFile.c.o
/sw/global/compilers/gcc/5.3.0/bin/gcc   -fPIC    -o CMakeFiles/cmTC_1ceb8.dir/CheckIncludeFile.c.o   -c /home/s0134766/picongpuProjects/LWFA_asInExp/.build/CMakeFiles/CMakeTmp/CheckIncludeFile.c
Linking C executable cmTC_1ceb8
/sw/global/tools/cmake/3.9.0/bin/cmake -E cmake_link_script CMakeFiles/cmTC_1ceb8.dir/link.txt --verbose=1
/sw/global/compilers/gcc/5.3.0/bin/gcc -fPIC     CMakeFiles/cmTC_1ceb8.dir/CheckIncludeFile.c.o  -o cmTC_1ceb8 
gmake[1]: Leaving directory `/home/h6/s0134766/picongpuProjects/LWFA_asInExp/.build/CMakeFiles/CMakeTmp'


Determining if the function pthread_create exists in the pthread passed with the following output:
Change Dir: /home/s0134766/picongpuProjects/LWFA_asInExp/.build/CMakeFiles/CMakeTmp

Run Build Command:"/usr/bin/gmake" "cmTC_0594b/fast"
/usr/bin/gmake -f CMakeFiles/cmTC_0594b.dir/build.make CMakeFiles/cmTC_0594b.dir/build
gmake[1]: Entering directory `/home/h6/s0134766/picongpuProjects/LWFA_asInExp/.build/CMakeFiles/CMakeTmp'
Building C object CMakeFiles/cmTC_0594b.dir/CheckFunctionExists.c.o
/sw/global/compilers/gcc/5.3.0/bin/gcc   -fPIC -DCHECK_FUNCTION_EXISTS=pthread_create   -o CMakeFiles/cmTC_0594b.dir/CheckFunctionExists.c.o   -c /sw/global/tools/cmake/3.9.0/share/cmake-3.9/Modules/CheckFunctionExists.c
Linking C executable cmTC_0594b
/sw/global/tools/cmake/3.9.0/bin/cmake -E cmake_link_script CMakeFiles/cmTC_0594b.dir/link.txt --verbose=1
/sw/global/compilers/gcc/5.3.0/bin/gcc -fPIC -DCHECK_FUNCTION_EXISTS=pthread_create    CMakeFiles/cmTC_0594b.dir/CheckFunctionExists.c.o  -o cmTC_0594b -lpthread 
gmake[1]: Leaving directory `/home/h6/s0134766/picongpuProjects/LWFA_asInExp/.build/CMakeFiles/CMakeTmp'


Detecting C OpenMP compiler ABI info compiled with the following output:
Change Dir: /home/s0134766/picongpuProjects/LWFA_asInExp/.build/CMakeFiles/CMakeTmp

Run Build Command:"/usr/bin/gmake" "cmTC_94519/fast"
/usr/bin/gmake -f CMakeFiles/cmTC_94519.dir/build.make CMakeFiles/cmTC_94519.dir/build
gmake[1]: Entering directory `/home/h6/s0134766/picongpuProjects/LWFA_asInExp/.build/CMakeFiles/CMakeTmp'
Building C object CMakeFiles/cmTC_94519.dir/OpenMPTryFlag.c.o
/sw/global/compilers/gcc/5.3.0/bin/gcc   -fopenmp -v   -o CMakeFiles/cmTC_94519.dir/OpenMPTryFlag.c.o   -c /home/s0134766/picongpuProjects/LWFA_asInExp/.build/CMakeFiles/FindOpenMP/OpenMPTryFlag.c
Using built-in specs.
COLLECT_GCC=/sw/global/compilers/gcc/5.3.0/bin/gcc
Target: x86_64-unknown-linux-gnu
Configured with: /dev/shm/gcc-build/gcc-5.3.0/configure --prefix=/sw/global/compilers/gcc/5.3.0 --disable-multilib
Thread model: posix
gcc version 5.3.0 (GCC) 
COLLECT_GCC_OPTIONS='-fopenmp' '-v' '-o' 'CMakeFiles/cmTC_94519.dir/OpenMPTryFlag.c.o' '-c' '-mtune=generic' '-march=x86-64' '-pthread'
 /sw/global/compilers/gcc/5.3.0/libexec/gcc/x86_64-unknown-linux-gnu/5.3.0/cc1 -quiet -v -D_REENTRANT /home/s0134766/picongpuProjects/LWFA_asInExp/.build/CMakeFiles/FindOpenMP/OpenMPTryFlag.c -quiet -dumpbase OpenMPTryFlag.c -mtune=generic -march=x86-64 -auxbase-strip CMakeFiles/cmTC_94519.dir/OpenMPTryFlag.c.o -version -fopenmp -o /tmp/cckZ2B3p.s
GNU C11 (GCC) version 5.3.0 (x86_64-unknown-linux-gnu)
	compiled by GNU C version 5.3.0, GMP version 4.3.2, MPFR version 2.4.2, MPC version 0.8.1
GGC heuristics: --param ggc-min-expand=100 --param ggc-min-heapsize=131072
ignoring duplicate directory "/sw/global/compilers/gcc/5.3.0/include"
ignoring nonexistent directory "/sw/global/compilers/gcc/5.3.0/lib/gcc/x86_64-unknown-linux-gnu/5.3.0/../../../../x86_64-unknown-linux-gnu/include"
#include "..." search starts here:
#include <...> search starts here:
 /sw/taurus/libraries/boost/1.64.0-gnu5.3/include
 /sw/taurus/libraries/bullxmpi/1.2.8.4/include
 /sw/global/compilers/gcc/5.3.0/include
 /sw/global/compilers/gcc/5.3.0/lib/gcc/x86_64-unknown-linux-gnu/5.3.0/include
 /usr/local/include
 /sw/global/compilers/gcc/5.3.0/lib/gcc/x86_64-unknown-linux-gnu/5.3.0/include-fixed
 /usr/include
End of search list.
GNU C11 (GCC) version 5.3.0 (x86_64-unknown-linux-gnu)
	compiled by GNU C version 5.3.0, GMP version 4.3.2, MPFR version 2.4.2, MPC version 0.8.1
GGC heuristics: --param ggc-min-expand=100 --param ggc-min-heapsize=131072
Compiler executable checksum: 22651c8db19d34864b9224b0eaf7cdba
COLLECT_GCC_OPTIONS='-fopenmp' '-v' '-o' 'CMakeFiles/cmTC_94519.dir/OpenMPTryFlag.c.o' '-c' '-mtune=generic' '-march=x86-64' '-pthread'
 /sw/global/compilers/gcc/5.3.0/lib/gcc/x86_64-unknown-linux-gnu/5.3.0/../../../../x86_64-unknown-linux-gnu/bin/as -v --64 -o CMakeFiles/cmTC_94519.dir/OpenMPTryFlag.c.o /tmp/cckZ2B3p.s
GNU assembler version 2.25.1 (x86_64-unknown-linux-gnu) using BFD version (GNU Binutils) 2.25.1
COMPILER_PATH=/sw/global/compilers/gcc/5.3.0/libexec/gcc/x86_64-unknown-linux-gnu/5.3.0/:/sw/global/compilers/gcc/5.3.0/libexec/gcc/x86_64-unknown-linux-gnu/5.3.0/:/sw/global/compilers/gcc/5.3.0/libexec/gcc/x86_64-unknown-linux-gnu/:/sw/global/compilers/gcc/5.3.0/lib/gcc/x86_64-unknown-linux-gnu/5.3.0/:/sw/global/compilers/gcc/5.3.0/lib/gcc/x86_64-unknown-linux-gnu/:/sw/global/compilers/gcc/5.3.0/lib/gcc/x86_64-unknown-linux-gnu/5.3.0/../../../../x86_64-unknown-linux-gnu/bin/
LIBRARY_PATH=/sw/global/compilers/gcc/5.3.0/lib/gcc/x86_64-unknown-linux-gnu/5.3.0/:/sw/global/compilers/gcc/5.3.0/lib/gcc/x86_64-unknown-linux-gnu/5.3.0/../../../../lib64/:/lib/../lib64/:/usr/lib/../lib64/:/sw/global/compilers/gcc/5.3.0/lib/gcc/x86_64-unknown-linux-gnu/5.3.0/../../../../x86_64-unknown-linux-gnu/lib/:/sw/global/compilers/gcc/5.3.0/lib/gcc/x86_64-unknown-linux-gnu/5.3.0/../../../:/lib/:/usr/lib/
COLLECT_GCC_OPTIONS='-fopenmp' '-v' '-o' 'CMakeFiles/cmTC_94519.dir/OpenMPTryFlag.c.o' '-c' '-mtune=generic' '-march=x86-64' '-pthread'
Linking C executable cmTC_94519
/sw/global/tools/cmake/3.9.0/bin/cmake -E cmake_link_script CMakeFiles/cmTC_94519.dir/link.txt --verbose=1
/sw/global/compilers/gcc/5.3.0/bin/gcc  -fopenmp -v    CMakeFiles/cmTC_94519.dir/OpenMPTryFlag.c.o  -o cmTC_94519 
Using built-in specs.
COLLECT_GCC=/sw/global/compilers/gcc/5.3.0/bin/gcc
COLLECT_LTO_WRAPPER=/sw/global/compilers/gcc/5.3.0/libexec/gcc/x86_64-unknown-linux-gnu/5.3.0/lto-wrapper
Target: x86_64-unknown-linux-gnu
Configured with: /dev/shm/gcc-build/gcc-5.3.0/configure --prefix=/sw/global/compilers/gcc/5.3.0 --disable-multilib
Thread model: posix
gcc version 5.3.0 (GCC) 
COMPILER_PATH=/sw/global/compilers/gcc/5.3.0/libexec/gcc/x86_64-unknown-linux-gnu/5.3.0/:/sw/global/compilers/gcc/5.3.0/libexec/gcc/x86_64-unknown-linux-gnu/5.3.0/:/sw/global/compilers/gcc/5.3.0/libexec/gcc/x86_64-unknown-linux-gnu/:/sw/global/compilers/gcc/5.3.0/lib/gcc/x86_64-unknown-linux-gnu/5.3.0/:/sw/global/compilers/gcc/5.3.0/lib/gcc/x86_64-unknown-linux-gnu/:/sw/global/compilers/gcc/5.3.0/lib/gcc/x86_64-unknown-linux-gnu/5.3.0/../../../../x86_64-unknown-linux-gnu/bin/
LIBRARY_PATH=/sw/global/compilers/gcc/5.3.0/lib/gcc/x86_64-unknown-linux-gnu/5.3.0/:/sw/global/compilers/gcc/5.3.0/lib/gcc/x86_64-unknown-linux-gnu/5.3.0/../../../../lib64/:/lib/../lib64/:/usr/lib/../lib64/:/sw/global/compilers/gcc/5.3.0/lib/gcc/x86_64-unknown-linux-gnu/5.3.0/../../../../x86_64-unknown-linux-gnu/lib/:/sw/global/compilers/gcc/5.3.0/lib/gcc/x86_64-unknown-linux-gnu/5.3.0/../../../:/lib/:/usr/lib/
Reading specs from /sw/global/compilers/gcc/5.3.0/lib/gcc/x86_64-unknown-linux-gnu/5.3.0/../../../../lib64/libgomp.spec
COLLECT_GCC_OPTIONS='-fopenmp' '-v' '-o' 'cmTC_94519' '-mtune=generic' '-march=x86-64' '-pthread'
 /sw/global/compilers/gcc/5.3.0/libexec/gcc/x86_64-unknown-linux-gnu/5.3.0/collect2 --eh-frame-hdr -m elf_x86_64 -dynamic-linker /lib64/ld-linux-x86-64.so.2 -o cmTC_94519 /usr/lib/../lib64/crt1.o /usr/lib/../lib64/crti.o /sw/global/compilers/gcc/5.3.0/lib/gcc/x86_64-unknown-linux-gnu/5.3.0/crtbegin.o -L/sw/global/compilers/gcc/5.3.0/lib/gcc/x86_64-unknown-linux-gnu/5.3.0 -L/sw/global/compilers/gcc/5.3.0/lib/gcc/x86_64-unknown-linux-gnu/5.3.0/../../../../lib64 -L/lib/../lib64 -L/usr/lib/../lib64 -L/sw/global/compilers/gcc/5.3.0/lib/gcc/x86_64-unknown-linux-gnu/5.3.0/../../../../x86_64-unknown-linux-gnu/lib -L/sw/global/compilers/gcc/5.3.0/lib/gcc/x86_64-unknown-linux-gnu/5.3.0/../../.. CMakeFiles/cmTC_94519.dir/OpenMPTryFlag.c.o -lgomp -lgcc --as-needed -lgcc_s --no-as-needed -lpthread -lc -lgcc --as-needed -lgcc_s --no-as-needed /sw/global/compilers/gcc/5.3.0/lib/gcc/x86_64-unknown-linux-gnu/5.3.0/crtend.o /usr/lib/../lib64/crtn.o
gmake[1]: Leaving directory `/home/h6/s0134766/picongpuProjects/LWFA_asInExp/.build/CMakeFiles/CMakeTmp'


Parsed C OpenMP implicit link information from above output:
  link line regex: [^( *|.*[/\])(ld|CMAKE_LINK_STARTFILE-NOTFOUND|([^/\]+-)?ld|collect2)[^/\]*( |$)]
  ignore line: [Change Dir: /home/s0134766/picongpuProjects/LWFA_asInExp/.build/CMakeFiles/CMakeTmp]
  ignore line: []
  ignore line: [Run Build Command:"/usr/bin/gmake" "cmTC_94519/fast"]
  ignore line: [/usr/bin/gmake -f CMakeFiles/cmTC_94519.dir/build.make CMakeFiles/cmTC_94519.dir/build]
  ignore line: [gmake[1]: Entering directory `/home/h6/s0134766/picongpuProjects/LWFA_asInExp/.build/CMakeFiles/CMakeTmp']
  ignore line: [Building C object CMakeFiles/cmTC_94519.dir/OpenMPTryFlag.c.o]
  ignore line: [/sw/global/compilers/gcc/5.3.0/bin/gcc   -fopenmp -v   -o CMakeFiles/cmTC_94519.dir/OpenMPTryFlag.c.o   -c /home/s0134766/picongpuProjects/LWFA_asInExp/.build/CMakeFiles/FindOpenMP/OpenMPTryFlag.c]
  ignore line: [Using built-in specs.]
  ignore line: [COLLECT_GCC=/sw/global/compilers/gcc/5.3.0/bin/gcc]
  ignore line: [Target: x86_64-unknown-linux-gnu]
  ignore line: [Configured with: /dev/shm/gcc-build/gcc-5.3.0/configure --prefix=/sw/global/compilers/gcc/5.3.0 --disable-multilib]
  ignore line: [Thread model: posix]
  ignore line: [gcc version 5.3.0 (GCC) ]
  ignore line: [COLLECT_GCC_OPTIONS='-fopenmp' '-v' '-o' 'CMakeFiles/cmTC_94519.dir/OpenMPTryFlag.c.o' '-c' '-mtune=generic' '-march=x86-64' '-pthread']
  ignore line: [ /sw/global/compilers/gcc/5.3.0/libexec/gcc/x86_64-unknown-linux-gnu/5.3.0/cc1 -quiet -v -D_REENTRANT /home/s0134766/picongpuProjects/LWFA_asInExp/.build/CMakeFiles/FindOpenMP/OpenMPTryFlag.c -quiet -dumpbase OpenMPTryFlag.c -mtune=generic -march=x86-64 -auxbase-strip CMakeFiles/cmTC_94519.dir/OpenMPTryFlag.c.o -version -fopenmp -o /tmp/cckZ2B3p.s]
  ignore line: [GNU C11 (GCC) version 5.3.0 (x86_64-unknown-linux-gnu)]
  ignore line: [	compiled by GNU C version 5.3.0, GMP version 4.3.2, MPFR version 2.4.2, MPC version 0.8.1]
  ignore line: [GGC heuristics: --param ggc-min-expand=100 --param ggc-min-heapsize=131072]
  ignore line: [ignoring duplicate directory "/sw/global/compilers/gcc/5.3.0/include"]
  ignore line: [ignoring nonexistent directory "/sw/global/compilers/gcc/5.3.0/lib/gcc/x86_64-unknown-linux-gnu/5.3.0/../../../../x86_64-unknown-linux-gnu/include"]
  ignore line: [#include "..." search starts here:]
  ignore line: [#include <...> search starts here:]
  ignore line: [ /sw/taurus/libraries/boost/1.64.0-gnu5.3/include]
  ignore line: [ /sw/taurus/libraries/bullxmpi/1.2.8.4/include]
  ignore line: [ /sw/global/compilers/gcc/5.3.0/include]
  ignore line: [ /sw/global/compilers/gcc/5.3.0/lib/gcc/x86_64-unknown-linux-gnu/5.3.0/include]
  ignore line: [ /usr/local/include]
  ignore line: [ /sw/global/compilers/gcc/5.3.0/lib/gcc/x86_64-unknown-linux-gnu/5.3.0/include-fixed]
  ignore line: [ /usr/include]
  ignore line: [End of search list.]
  ignore line: [GNU C11 (GCC) version 5.3.0 (x86_64-unknown-linux-gnu)]
  ignore line: [	compiled by GNU C version 5.3.0, GMP version 4.3.2, MPFR version 2.4.2, MPC version 0.8.1]
  ignore line: [GGC heuristics: --param ggc-min-expand=100 --param ggc-min-heapsize=131072]
  ignore line: [Compiler executable checksum: 22651c8db19d34864b9224b0eaf7cdba]
  ignore line: [COLLECT_GCC_OPTIONS='-fopenmp' '-v' '-o' 'CMakeFiles/cmTC_94519.dir/OpenMPTryFlag.c.o' '-c' '-mtune=generic' '-march=x86-64' '-pthread']
  ignore line: [ /sw/global/compilers/gcc/5.3.0/lib/gcc/x86_64-unknown-linux-gnu/5.3.0/../../../../x86_64-unknown-linux-gnu/bin/as -v --64 -o CMakeFiles/cmTC_94519.dir/OpenMPTryFlag.c.o /tmp/cckZ2B3p.s]
  ignore line: [GNU assembler version 2.25.1 (x86_64-unknown-linux-gnu) using BFD version (GNU Binutils) 2.25.1]
  ignore line: [COMPILER_PATH=/sw/global/compilers/gcc/5.3.0/libexec/gcc/x86_64-unknown-linux-gnu/5.3.0/:/sw/global/compilers/gcc/5.3.0/libexec/gcc/x86_64-unknown-linux-gnu/5.3.0/:/sw/global/compilers/gcc/5.3.0/libexec/gcc/x86_64-unknown-linux-gnu/:/sw/global/compilers/gcc/5.3.0/lib/gcc/x86_64-unknown-linux-gnu/5.3.0/:/sw/global/compilers/gcc/5.3.0/lib/gcc/x86_64-unknown-linux-gnu/:/sw/global/compilers/gcc/5.3.0/lib/gcc/x86_64-unknown-linux-gnu/5.3.0/../../../../x86_64-unknown-linux-gnu/bin/]
  ignore line: [LIBRARY_PATH=/sw/global/compilers/gcc/5.3.0/lib/gcc/x86_64-unknown-linux-gnu/5.3.0/:/sw/global/compilers/gcc/5.3.0/lib/gcc/x86_64-unknown-linux-gnu/5.3.0/../../../../lib64/:/lib/../lib64/:/usr/lib/../lib64/:/sw/global/compilers/gcc/5.3.0/lib/gcc/x86_64-unknown-linux-gnu/5.3.0/../../../../x86_64-unknown-linux-gnu/lib/:/sw/global/compilers/gcc/5.3.0/lib/gcc/x86_64-unknown-linux-gnu/5.3.0/../../../:/lib/:/usr/lib/]
  ignore line: [COLLECT_GCC_OPTIONS='-fopenmp' '-v' '-o' 'CMakeFiles/cmTC_94519.dir/OpenMPTryFlag.c.o' '-c' '-mtune=generic' '-march=x86-64' '-pthread']
  ignore line: [Linking C executable cmTC_94519]
  ignore line: [/sw/global/tools/cmake/3.9.0/bin/cmake -E cmake_link_script CMakeFiles/cmTC_94519.dir/link.txt --verbose=1]
  ignore line: [/sw/global/compilers/gcc/5.3.0/bin/gcc  -fopenmp -v    CMakeFiles/cmTC_94519.dir/OpenMPTryFlag.c.o  -o cmTC_94519 ]
  ignore line: [Using built-in specs.]
  ignore line: [COLLECT_GCC=/sw/global/compilers/gcc/5.3.0/bin/gcc]
  ignore line: [COLLECT_LTO_WRAPPER=/sw/global/compilers/gcc/5.3.0/libexec/gcc/x86_64-unknown-linux-gnu/5.3.0/lto-wrapper]
  ignore line: [Target: x86_64-unknown-linux-gnu]
  ignore line: [Configured with: /dev/shm/gcc-build/gcc-5.3.0/configure --prefix=/sw/global/compilers/gcc/5.3.0 --disable-multilib]
  ignore line: [Thread model: posix]
  ignore line: [gcc version 5.3.0 (GCC) ]
  ignore line: [COMPILER_PATH=/sw/global/compilers/gcc/5.3.0/libexec/gcc/x86_64-unknown-linux-gnu/5.3.0/:/sw/global/compilers/gcc/5.3.0/libexec/gcc/x86_64-unknown-linux-gnu/5.3.0/:/sw/global/compilers/gcc/5.3.0/libexec/gcc/x86_64-unknown-linux-gnu/:/sw/global/compilers/gcc/5.3.0/lib/gcc/x86_64-unknown-linux-gnu/5.3.0/:/sw/global/compilers/gcc/5.3.0/lib/gcc/x86_64-unknown-linux-gnu/:/sw/global/compilers/gcc/5.3.0/lib/gcc/x86_64-unknown-linux-gnu/5.3.0/../../../../x86_64-unknown-linux-gnu/bin/]
  ignore line: [LIBRARY_PATH=/sw/global/compilers/gcc/5.3.0/lib/gcc/x86_64-unknown-linux-gnu/5.3.0/:/sw/global/compilers/gcc/5.3.0/lib/gcc/x86_64-unknown-linux-gnu/5.3.0/../../../../lib64/:/lib/../lib64/:/usr/lib/../lib64/:/sw/global/compilers/gcc/5.3.0/lib/gcc/x86_64-unknown-linux-gnu/5.3.0/../../../../x86_64-unknown-linux-gnu/lib/:/sw/global/compilers/gcc/5.3.0/lib/gcc/x86_64-unknown-linux-gnu/5.3.0/../../../:/lib/:/usr/lib/]
  ignore line: [Reading specs from /sw/global/compilers/gcc/5.3.0/lib/gcc/x86_64-unknown-linux-gnu/5.3.0/../../../../lib64/libgomp.spec]
  ignore line: [COLLECT_GCC_OPTIONS='-fopenmp' '-v' '-o' 'cmTC_94519' '-mtune=generic' '-march=x86-64' '-pthread']
  link line: [ /sw/global/compilers/gcc/5.3.0/libexec/gcc/x86_64-unknown-linux-gnu/5.3.0/collect2 --eh-frame-hdr -m elf_x86_64 -dynamic-linker /lib64/ld-linux-x86-64.so.2 -o cmTC_94519 /usr/lib/../lib64/crt1.o /usr/lib/../lib64/crti.o /sw/global/compilers/gcc/5.3.0/lib/gcc/x86_64-unknown-linux-gnu/5.3.0/crtbegin.o -L/sw/global/compilers/gcc/5.3.0/lib/gcc/x86_64-unknown-linux-gnu/5.3.0 -L/sw/global/compilers/gcc/5.3.0/lib/gcc/x86_64-unknown-linux-gnu/5.3.0/../../../../lib64 -L/lib/../lib64 -L/usr/lib/../lib64 -L/sw/global/compilers/gcc/5.3.0/lib/gcc/x86_64-unknown-linux-gnu/5.3.0/../../../../x86_64-unknown-linux-gnu/lib -L/sw/global/compilers/gcc/5.3.0/lib/gcc/x86_64-unknown-linux-gnu/5.3.0/../../.. CMakeFiles/cmTC_94519.dir/OpenMPTryFlag.c.o -lgomp -lgcc --as-needed -lgcc_s --no-as-needed -lpthread -lc -lgcc --as-needed -lgcc_s --no-as-needed /sw/global/compilers/gcc/5.3.0/lib/gcc/x86_64-unknown-linux-gnu/5.3.0/crtend.o /usr/lib/../lib64/crtn.o]
    arg [/sw/global/compilers/gcc/5.3.0/libexec/gcc/x86_64-unknown-linux-gnu/5.3.0/collect2] ==> ignore
    arg [--eh-frame-hdr] ==> ignore
    arg [-m] ==> ignore
    arg [elf_x86_64] ==> ignore
    arg [-dynamic-linker] ==> ignore
    arg [/lib64/ld-linux-x86-64.so.2] ==> ignore
    arg [-o] ==> ignore
    arg [cmTC_94519] ==> ignore
    arg [/usr/lib/../lib64/crt1.o] ==> ignore
    arg [/usr/lib/../lib64/crti.o] ==> ignore
    arg [/sw/global/compilers/gcc/5.3.0/lib/gcc/x86_64-unknown-linux-gnu/5.3.0/crtbegin.o] ==> ignore
    arg [-L/sw/global/compilers/gcc/5.3.0/lib/gcc/x86_64-unknown-linux-gnu/5.3.0] ==> dir [/sw/global/compilers/gcc/5.3.0/lib/gcc/x86_64-unknown-linux-gnu/5.3.0]
    arg [-L/sw/global/compilers/gcc/5.3.0/lib/gcc/x86_64-unknown-linux-gnu/5.3.0/../../../../lib64] ==> dir [/sw/global/compilers/gcc/5.3.0/lib/gcc/x86_64-unknown-linux-gnu/5.3.0/../../../../lib64]
    arg [-L/lib/../lib64] ==> dir [/lib/../lib64]
    arg [-L/usr/lib/../lib64] ==> dir [/usr/lib/../lib64]
    arg [-L/sw/global/compilers/gcc/5.3.0/lib/gcc/x86_64-unknown-linux-gnu/5.3.0/../../../../x86_64-unknown-linux-gnu/lib] ==> dir [/sw/global/compilers/gcc/5.3.0/lib/gcc/x86_64-unknown-linux-gnu/5.3.0/../../../../x86_64-unknown-linux-gnu/lib]
    arg [-L/sw/global/compilers/gcc/5.3.0/lib/gcc/x86_64-unknown-linux-gnu/5.3.0/../../..] ==> dir [/sw/global/compilers/gcc/5.3.0/lib/gcc/x86_64-unknown-linux-gnu/5.3.0/../../..]
    arg [CMakeFiles/cmTC_94519.dir/OpenMPTryFlag.c.o] ==> ignore
    arg [-lgomp] ==> lib [gomp]
    arg [-lgcc] ==> lib [gcc]
    arg [--as-needed] ==> ignore
    arg [-lgcc_s] ==> lib [gcc_s]
    arg [--no-as-needed] ==> ignore
    arg [-lpthread] ==> lib [pthread]
    arg [-lc] ==> lib [c]
    arg [-lgcc] ==> lib [gcc]
    arg [--as-needed] ==> ignore
    arg [-lgcc_s] ==> lib [gcc_s]
    arg [--no-as-needed] ==> ignore
    arg [/sw/global/compilers/gcc/5.3.0/lib/gcc/x86_64-unknown-linux-gnu/5.3.0/crtend.o] ==> ignore
    arg [/usr/lib/../lib64/crtn.o] ==> ignore
  collapse library dir [/sw/global/compilers/gcc/5.3.0/lib/gcc/x86_64-unknown-linux-gnu/5.3.0] ==> [/sw/global/compilers/gcc/5.3.0/lib/gcc/x86_64-unknown-linux-gnu/5.3.0]
  collapse library dir [/sw/global/compilers/gcc/5.3.0/lib/gcc/x86_64-unknown-linux-gnu/5.3.0/../../../../lib64] ==> [/sw/global/compilers/gcc/5.3.0/lib64]
  collapse library dir [/lib/../lib64] ==> [/lib64]
  collapse library dir [/usr/lib/../lib64] ==> [/usr/lib64]
  collapse library dir [/sw/global/compilers/gcc/5.3.0/lib/gcc/x86_64-unknown-linux-gnu/5.3.0/../../../../x86_64-unknown-linux-gnu/lib] ==> [/sw/global/compilers/gcc/5.3.0/x86_64-unknown-linux-gnu/lib]
  collapse library dir [/sw/global/compilers/gcc/5.3.0/lib/gcc/x86_64-unknown-linux-gnu/5.3.0/../../..] ==> [/sw/global/compilers/gcc/5.3.0/lib]
  implicit libs: [gomp;gcc;gcc_s;pthread;c;gcc;gcc_s]
  implicit dirs: [/sw/global/compilers/gcc/5.3.0/lib/gcc/x86_64-unknown-linux-gnu/5.3.0;/sw/global/compilers/gcc/5.3.0/lib64;/lib64;/usr/lib64;/sw/global/compilers/gcc/5.3.0/x86_64-unknown-linux-gnu/lib;/sw/global/compilers/gcc/5.3.0/lib]
  implicit fwks: []


Detecting CXX OpenMP compiler ABI info compiled with the following output:
Change Dir: /home/s0134766/picongpuProjects/LWFA_asInExp/.build/CMakeFiles/CMakeTmp

Run Build Command:"/usr/bin/gmake" "cmTC_968f5/fast"
/usr/bin/gmake -f CMakeFiles/cmTC_968f5.dir/build.make CMakeFiles/cmTC_968f5.dir/build
gmake[1]: Entering directory `/home/h6/s0134766/picongpuProjects/LWFA_asInExp/.build/CMakeFiles/CMakeTmp'
Building CXX object CMakeFiles/cmTC_968f5.dir/OpenMPTryFlag.cpp.o
/sw/global/compilers/gcc/5.3.0/bin/g++    -fopenmp -v   -o CMakeFiles/cmTC_968f5.dir/OpenMPTryFlag.cpp.o -c /home/s0134766/picongpuProjects/LWFA_asInExp/.build/CMakeFiles/FindOpenMP/OpenMPTryFlag.cpp
Using built-in specs.
COLLECT_GCC=/sw/global/compilers/gcc/5.3.0/bin/g++
Target: x86_64-unknown-linux-gnu
Configured with: /dev/shm/gcc-build/gcc-5.3.0/configure --prefix=/sw/global/compilers/gcc/5.3.0 --disable-multilib
Thread model: posix
gcc version 5.3.0 (GCC) 
COLLECT_GCC_OPTIONS='-fopenmp' '-v' '-o' 'CMakeFiles/cmTC_968f5.dir/OpenMPTryFlag.cpp.o' '-c' '-shared-libgcc' '-mtune=generic' '-march=x86-64' '-pthread'
 /sw/global/compilers/gcc/5.3.0/libexec/gcc/x86_64-unknown-linux-gnu/5.3.0/cc1plus -quiet -v -D_GNU_SOURCE -D_REENTRANT /home/s0134766/picongpuProjects/LWFA_asInExp/.build/CMakeFiles/FindOpenMP/OpenMPTryFlag.cpp -quiet -dumpbase OpenMPTryFlag.cpp -mtune=generic -march=x86-64 -auxbase-strip CMakeFiles/cmTC_968f5.dir/OpenMPTryFlag.cpp.o -version -fopenmp -o /tmp/ccUxHy8b.s
GNU C++ (GCC) version 5.3.0 (x86_64-unknown-linux-gnu)
	compiled by GNU C version 5.3.0, GMP version 4.3.2, MPFR version 2.4.2, MPC version 0.8.1
GGC heuristics: --param ggc-min-expand=100 --param ggc-min-heapsize=131072
ignoring duplicate directory "/sw/global/compilers/gcc/5.3.0/include"
ignoring nonexistent directory "/sw/global/compilers/gcc/5.3.0/lib/gcc/x86_64-unknown-linux-gnu/5.3.0/../../../../x86_64-unknown-linux-gnu/include"
ignoring duplicate directory "/sw/taurus/libraries/boost/1.64.0-gnu5.3/include"
  as it is a non-system directory that duplicates a system directory
#include "..." search starts here:
#include <...> search starts here:
 /sw/taurus/libraries/bullxmpi/1.2.8.4/include
 /sw/taurus/libraries/boost/1.64.0-gnu5.3/include
 /sw/global/compilers/gcc/5.3.0/include
 /sw/global/compilers/gcc/5.3.0/lib/gcc/x86_64-unknown-linux-gnu/5.3.0/../../../../include/c++/5.3.0
 /sw/global/compilers/gcc/5.3.0/lib/gcc/x86_64-unknown-linux-gnu/5.3.0/../../../../include/c++/5.3.0/x86_64-unknown-linux-gnu
 /sw/global/compilers/gcc/5.3.0/lib/gcc/x86_64-unknown-linux-gnu/5.3.0/../../../../include/c++/5.3.0/backward
 /sw/global/compilers/gcc/5.3.0/lib/gcc/x86_64-unknown-linux-gnu/5.3.0/include
 /usr/local/include
 /sw/global/compilers/gcc/5.3.0/lib/gcc/x86_64-unknown-linux-gnu/5.3.0/include-fixed
 /usr/include
End of search list.
GNU C++ (GCC) version 5.3.0 (x86_64-unknown-linux-gnu)
	compiled by GNU C version 5.3.0, GMP version 4.3.2, MPFR version 2.4.2, MPC version 0.8.1
GGC heuristics: --param ggc-min-expand=100 --param ggc-min-heapsize=131072
Compiler executable checksum: 3c8373a00d75dd7d79b6d8b21853d8a7
COLLECT_GCC_OPTIONS='-fopenmp' '-v' '-o' 'CMakeFiles/cmTC_968f5.dir/OpenMPTryFlag.cpp.o' '-c' '-shared-libgcc' '-mtune=generic' '-march=x86-64' '-pthread'
 /sw/global/compilers/gcc/5.3.0/lib/gcc/x86_64-unknown-linux-gnu/5.3.0/../../../../x86_64-unknown-linux-gnu/bin/as -v --64 -o CMakeFiles/cmTC_968f5.dir/OpenMPTryFlag.cpp.o /tmp/ccUxHy8b.s
GNU assembler version 2.25.1 (x86_64-unknown-linux-gnu) using BFD version (GNU Binutils) 2.25.1
COMPILER_PATH=/sw/global/compilers/gcc/5.3.0/libexec/gcc/x86_64-unknown-linux-gnu/5.3.0/:/sw/global/compilers/gcc/5.3.0/libexec/gcc/x86_64-unknown-linux-gnu/5.3.0/:/sw/global/compilers/gcc/5.3.0/libexec/gcc/x86_64-unknown-linux-gnu/:/sw/global/compilers/gcc/5.3.0/lib/gcc/x86_64-unknown-linux-gnu/5.3.0/:/sw/global/compilers/gcc/5.3.0/lib/gcc/x86_64-unknown-linux-gnu/:/sw/global/compilers/gcc/5.3.0/lib/gcc/x86_64-unknown-linux-gnu/5.3.0/../../../../x86_64-unknown-linux-gnu/bin/
LIBRARY_PATH=/sw/global/compilers/gcc/5.3.0/lib/gcc/x86_64-unknown-linux-gnu/5.3.0/:/sw/global/compilers/gcc/5.3.0/lib/gcc/x86_64-unknown-linux-gnu/5.3.0/../../../../lib64/:/lib/../lib64/:/usr/lib/../lib64/:/sw/global/compilers/gcc/5.3.0/lib/gcc/x86_64-unknown-linux-gnu/5.3.0/../../../../x86_64-unknown-linux-gnu/lib/:/sw/global/compilers/gcc/5.3.0/lib/gcc/x86_64-unknown-linux-gnu/5.3.0/../../../:/lib/:/usr/lib/
COLLECT_GCC_OPTIONS='-fopenmp' '-v' '-o' 'CMakeFiles/cmTC_968f5.dir/OpenMPTryFlag.cpp.o' '-c' '-shared-libgcc' '-mtune=generic' '-march=x86-64' '-pthread'
Linking CXX executable cmTC_968f5
/sw/global/tools/cmake/3.9.0/bin/cmake -E cmake_link_script CMakeFiles/cmTC_968f5.dir/link.txt --verbose=1
/sw/global/compilers/gcc/5.3.0/bin/g++   -fopenmp -v    CMakeFiles/cmTC_968f5.dir/OpenMPTryFlag.cpp.o  -o cmTC_968f5 
Using built-in specs.
COLLECT_GCC=/sw/global/compilers/gcc/5.3.0/bin/g++
COLLECT_LTO_WRAPPER=/sw/global/compilers/gcc/5.3.0/libexec/gcc/x86_64-unknown-linux-gnu/5.3.0/lto-wrapper
Target: x86_64-unknown-linux-gnu
Configured with: /dev/shm/gcc-build/gcc-5.3.0/configure --prefix=/sw/global/compilers/gcc/5.3.0 --disable-multilib
Thread model: posix
gcc version 5.3.0 (GCC) 
COMPILER_PATH=/sw/global/compilers/gcc/5.3.0/libexec/gcc/x86_64-unknown-linux-gnu/5.3.0/:/sw/global/compilers/gcc/5.3.0/libexec/gcc/x86_64-unknown-linux-gnu/5.3.0/:/sw/global/compilers/gcc/5.3.0/libexec/gcc/x86_64-unknown-linux-gnu/:/sw/global/compilers/gcc/5.3.0/lib/gcc/x86_64-unknown-linux-gnu/5.3.0/:/sw/global/compilers/gcc/5.3.0/lib/gcc/x86_64-unknown-linux-gnu/:/sw/global/compilers/gcc/5.3.0/lib/gcc/x86_64-unknown-linux-gnu/5.3.0/../../../../x86_64-unknown-linux-gnu/bin/
LIBRARY_PATH=/sw/global/compilers/gcc/5.3.0/lib/gcc/x86_64-unknown-linux-gnu/5.3.0/:/sw/global/compilers/gcc/5.3.0/lib/gcc/x86_64-unknown-linux-gnu/5.3.0/../../../../lib64/:/lib/../lib64/:/usr/lib/../lib64/:/sw/global/compilers/gcc/5.3.0/lib/gcc/x86_64-unknown-linux-gnu/5.3.0/../../../../x86_64-unknown-linux-gnu/lib/:/sw/global/compilers/gcc/5.3.0/lib/gcc/x86_64-unknown-linux-gnu/5.3.0/../../../:/lib/:/usr/lib/
Reading specs from /sw/global/compilers/gcc/5.3.0/lib/gcc/x86_64-unknown-linux-gnu/5.3.0/../../../../lib64/libgomp.spec
COLLECT_GCC_OPTIONS='-fopenmp' '-v' '-o' 'cmTC_968f5' '-shared-libgcc' '-mtune=generic' '-march=x86-64' '-pthread'
 /sw/global/compilers/gcc/5.3.0/libexec/gcc/x86_64-unknown-linux-gnu/5.3.0/collect2 --eh-frame-hdr -m elf_x86_64 -dynamic-linker /lib64/ld-linux-x86-64.so.2 -o cmTC_968f5 /usr/lib/../lib64/crt1.o /usr/lib/../lib64/crti.o /sw/global/compilers/gcc/5.3.0/lib/gcc/x86_64-unknown-linux-gnu/5.3.0/crtbegin.o -L/sw/global/compilers/gcc/5.3.0/lib/gcc/x86_64-unknown-linux-gnu/5.3.0 -L/sw/global/compilers/gcc/5.3.0/lib/gcc/x86_64-unknown-linux-gnu/5.3.0/../../../../lib64 -L/lib/../lib64 -L/usr/lib/../lib64 -L/sw/global/compilers/gcc/5.3.0/lib/gcc/x86_64-unknown-linux-gnu/5.3.0/../../../../x86_64-unknown-linux-gnu/lib -L/sw/global/compilers/gcc/5.3.0/lib/gcc/x86_64-unknown-linux-gnu/5.3.0/../../.. CMakeFiles/cmTC_968f5.dir/OpenMPTryFlag.cpp.o -lstdc++ -lm -lgomp -lgcc_s -lgcc -lpthread -lc -lgcc_s -lgcc /sw/global/compilers/gcc/5.3.0/lib/gcc/x86_64-unknown-linux-gnu/5.3.0/crtend.o /usr/lib/../lib64/crtn.o
gmake[1]: Leaving directory `/home/h6/s0134766/picongpuProjects/LWFA_asInExp/.build/CMakeFiles/CMakeTmp'


Parsed CXX OpenMP implicit link information from above output:
  link line regex: [^( *|.*[/\])(ld|CMAKE_LINK_STARTFILE-NOTFOUND|([^/\]+-)?ld|collect2)[^/\]*( |$)]
  ignore line: [Change Dir: /home/s0134766/picongpuProjects/LWFA_asInExp/.build/CMakeFiles/CMakeTmp]
  ignore line: []
  ignore line: [Run Build Command:"/usr/bin/gmake" "cmTC_968f5/fast"]
  ignore line: [/usr/bin/gmake -f CMakeFiles/cmTC_968f5.dir/build.make CMakeFiles/cmTC_968f5.dir/build]
  ignore line: [gmake[1]: Entering directory `/home/h6/s0134766/picongpuProjects/LWFA_asInExp/.build/CMakeFiles/CMakeTmp']
  ignore line: [Building CXX object CMakeFiles/cmTC_968f5.dir/OpenMPTryFlag.cpp.o]
  ignore line: [/sw/global/compilers/gcc/5.3.0/bin/g++    -fopenmp -v   -o CMakeFiles/cmTC_968f5.dir/OpenMPTryFlag.cpp.o -c /home/s0134766/picongpuProjects/LWFA_asInExp/.build/CMakeFiles/FindOpenMP/OpenMPTryFlag.cpp]
  ignore line: [Using built-in specs.]
  ignore line: [COLLECT_GCC=/sw/global/compilers/gcc/5.3.0/bin/g++]
  ignore line: [Target: x86_64-unknown-linux-gnu]
  ignore line: [Configured with: /dev/shm/gcc-build/gcc-5.3.0/configure --prefix=/sw/global/compilers/gcc/5.3.0 --disable-multilib]
  ignore line: [Thread model: posix]
  ignore line: [gcc version 5.3.0 (GCC) ]
  ignore line: [COLLECT_GCC_OPTIONS='-fopenmp' '-v' '-o' 'CMakeFiles/cmTC_968f5.dir/OpenMPTryFlag.cpp.o' '-c' '-shared-libgcc' '-mtune=generic' '-march=x86-64' '-pthread']
  ignore line: [ /sw/global/compilers/gcc/5.3.0/libexec/gcc/x86_64-unknown-linux-gnu/5.3.0/cc1plus -quiet -v -D_GNU_SOURCE -D_REENTRANT /home/s0134766/picongpuProjects/LWFA_asInExp/.build/CMakeFiles/FindOpenMP/OpenMPTryFlag.cpp -quiet -dumpbase OpenMPTryFlag.cpp -mtune=generic -march=x86-64 -auxbase-strip CMakeFiles/cmTC_968f5.dir/OpenMPTryFlag.cpp.o -version -fopenmp -o /tmp/ccUxHy8b.s]
  ignore line: [GNU C++ (GCC) version 5.3.0 (x86_64-unknown-linux-gnu)]
  ignore line: [	compiled by GNU C version 5.3.0, GMP version 4.3.2, MPFR version 2.4.2, MPC version 0.8.1]
  ignore line: [GGC heuristics: --param ggc-min-expand=100 --param ggc-min-heapsize=131072]
  ignore line: [ignoring duplicate directory "/sw/global/compilers/gcc/5.3.0/include"]
  ignore line: [ignoring nonexistent directory "/sw/global/compilers/gcc/5.3.0/lib/gcc/x86_64-unknown-linux-gnu/5.3.0/../../../../x86_64-unknown-linux-gnu/include"]
  ignore line: [ignoring duplicate directory "/sw/taurus/libraries/boost/1.64.0-gnu5.3/include"]
  ignore line: [  as it is a non-system directory that duplicates a system directory]
  ignore line: [#include "..." search starts here:]
  ignore line: [#include <...> search starts here:]
  ignore line: [ /sw/taurus/libraries/bullxmpi/1.2.8.4/include]
  ignore line: [ /sw/taurus/libraries/boost/1.64.0-gnu5.3/include]
  ignore line: [ /sw/global/compilers/gcc/5.3.0/include]
  ignore line: [ /sw/global/compilers/gcc/5.3.0/lib/gcc/x86_64-unknown-linux-gnu/5.3.0/../../../../include/c++/5.3.0]
  ignore line: [ /sw/global/compilers/gcc/5.3.0/lib/gcc/x86_64-unknown-linux-gnu/5.3.0/../../../../include/c++/5.3.0/x86_64-unknown-linux-gnu]
  ignore line: [ /sw/global/compilers/gcc/5.3.0/lib/gcc/x86_64-unknown-linux-gnu/5.3.0/../../../../include/c++/5.3.0/backward]
  ignore line: [ /sw/global/compilers/gcc/5.3.0/lib/gcc/x86_64-unknown-linux-gnu/5.3.0/include]
  ignore line: [ /usr/local/include]
  ignore line: [ /sw/global/compilers/gcc/5.3.0/lib/gcc/x86_64-unknown-linux-gnu/5.3.0/include-fixed]
  ignore line: [ /usr/include]
  ignore line: [End of search list.]
  ignore line: [GNU C++ (GCC) version 5.3.0 (x86_64-unknown-linux-gnu)]
  ignore line: [	compiled by GNU C version 5.3.0, GMP version 4.3.2, MPFR version 2.4.2, MPC version 0.8.1]
  ignore line: [GGC heuristics: --param ggc-min-expand=100 --param ggc-min-heapsize=131072]
  ignore line: [Compiler executable checksum: 3c8373a00d75dd7d79b6d8b21853d8a7]
  ignore line: [COLLECT_GCC_OPTIONS='-fopenmp' '-v' '-o' 'CMakeFiles/cmTC_968f5.dir/OpenMPTryFlag.cpp.o' '-c' '-shared-libgcc' '-mtune=generic' '-march=x86-64' '-pthread']
  ignore line: [ /sw/global/compilers/gcc/5.3.0/lib/gcc/x86_64-unknown-linux-gnu/5.3.0/../../../../x86_64-unknown-linux-gnu/bin/as -v --64 -o CMakeFiles/cmTC_968f5.dir/OpenMPTryFlag.cpp.o /tmp/ccUxHy8b.s]
  ignore line: [GNU assembler version 2.25.1 (x86_64-unknown-linux-gnu) using BFD version (GNU Binutils) 2.25.1]
  ignore line: [COMPILER_PATH=/sw/global/compilers/gcc/5.3.0/libexec/gcc/x86_64-unknown-linux-gnu/5.3.0/:/sw/global/compilers/gcc/5.3.0/libexec/gcc/x86_64-unknown-linux-gnu/5.3.0/:/sw/global/compilers/gcc/5.3.0/libexec/gcc/x86_64-unknown-linux-gnu/:/sw/global/compilers/gcc/5.3.0/lib/gcc/x86_64-unknown-linux-gnu/5.3.0/:/sw/global/compilers/gcc/5.3.0/lib/gcc/x86_64-unknown-linux-gnu/:/sw/global/compilers/gcc/5.3.0/lib/gcc/x86_64-unknown-linux-gnu/5.3.0/../../../../x86_64-unknown-linux-gnu/bin/]
  ignore line: [LIBRARY_PATH=/sw/global/compilers/gcc/5.3.0/lib/gcc/x86_64-unknown-linux-gnu/5.3.0/:/sw/global/compilers/gcc/5.3.0/lib/gcc/x86_64-unknown-linux-gnu/5.3.0/../../../../lib64/:/lib/../lib64/:/usr/lib/../lib64/:/sw/global/compilers/gcc/5.3.0/lib/gcc/x86_64-unknown-linux-gnu/5.3.0/../../../../x86_64-unknown-linux-gnu/lib/:/sw/global/compilers/gcc/5.3.0/lib/gcc/x86_64-unknown-linux-gnu/5.3.0/../../../:/lib/:/usr/lib/]
  ignore line: [COLLECT_GCC_OPTIONS='-fopenmp' '-v' '-o' 'CMakeFiles/cmTC_968f5.dir/OpenMPTryFlag.cpp.o' '-c' '-shared-libgcc' '-mtune=generic' '-march=x86-64' '-pthread']
  ignore line: [Linking CXX executable cmTC_968f5]
  ignore line: [/sw/global/tools/cmake/3.9.0/bin/cmake -E cmake_link_script CMakeFiles/cmTC_968f5.dir/link.txt --verbose=1]
  ignore line: [/sw/global/compilers/gcc/5.3.0/bin/g++   -fopenmp -v    CMakeFiles/cmTC_968f5.dir/OpenMPTryFlag.cpp.o  -o cmTC_968f5 ]
  ignore line: [Using built-in specs.]
  ignore line: [COLLECT_GCC=/sw/global/compilers/gcc/5.3.0/bin/g++]
  ignore line: [COLLECT_LTO_WRAPPER=/sw/global/compilers/gcc/5.3.0/libexec/gcc/x86_64-unknown-linux-gnu/5.3.0/lto-wrapper]
  ignore line: [Target: x86_64-unknown-linux-gnu]
  ignore line: [Configured with: /dev/shm/gcc-build/gcc-5.3.0/configure --prefix=/sw/global/compilers/gcc/5.3.0 --disable-multilib]
  ignore line: [Thread model: posix]
  ignore line: [gcc version 5.3.0 (GCC) ]
  ignore line: [COMPILER_PATH=/sw/global/compilers/gcc/5.3.0/libexec/gcc/x86_64-unknown-linux-gnu/5.3.0/:/sw/global/compilers/gcc/5.3.0/libexec/gcc/x86_64-unknown-linux-gnu/5.3.0/:/sw/global/compilers/gcc/5.3.0/libexec/gcc/x86_64-unknown-linux-gnu/:/sw/global/compilers/gcc/5.3.0/lib/gcc/x86_64-unknown-linux-gnu/5.3.0/:/sw/global/compilers/gcc/5.3.0/lib/gcc/x86_64-unknown-linux-gnu/:/sw/global/compilers/gcc/5.3.0/lib/gcc/x86_64-unknown-linux-gnu/5.3.0/../../../../x86_64-unknown-linux-gnu/bin/]
  ignore line: [LIBRARY_PATH=/sw/global/compilers/gcc/5.3.0/lib/gcc/x86_64-unknown-linux-gnu/5.3.0/:/sw/global/compilers/gcc/5.3.0/lib/gcc/x86_64-unknown-linux-gnu/5.3.0/../../../../lib64/:/lib/../lib64/:/usr/lib/../lib64/:/sw/global/compilers/gcc/5.3.0/lib/gcc/x86_64-unknown-linux-gnu/5.3.0/../../../../x86_64-unknown-linux-gnu/lib/:/sw/global/compilers/gcc/5.3.0/lib/gcc/x86_64-unknown-linux-gnu/5.3.0/../../../:/lib/:/usr/lib/]
  ignore line: [Reading specs from /sw/global/compilers/gcc/5.3.0/lib/gcc/x86_64-unknown-linux-gnu/5.3.0/../../../../lib64/libgomp.spec]
  ignore line: [COLLECT_GCC_OPTIONS='-fopenmp' '-v' '-o' 'cmTC_968f5' '-shared-libgcc' '-mtune=generic' '-march=x86-64' '-pthread']
  link line: [ /sw/global/compilers/gcc/5.3.0/libexec/gcc/x86_64-unknown-linux-gnu/5.3.0/collect2 --eh-frame-hdr -m elf_x86_64 -dynamic-linker /lib64/ld-linux-x86-64.so.2 -o cmTC_968f5 /usr/lib/../lib64/crt1.o /usr/lib/../lib64/crti.o /sw/global/compilers/gcc/5.3.0/lib/gcc/x86_64-unknown-linux-gnu/5.3.0/crtbegin.o -L/sw/global/compilers/gcc/5.3.0/lib/gcc/x86_64-unknown-linux-gnu/5.3.0 -L/sw/global/compilers/gcc/5.3.0/lib/gcc/x86_64-unknown-linux-gnu/5.3.0/../../../../lib64 -L/lib/../lib64 -L/usr/lib/../lib64 -L/sw/global/compilers/gcc/5.3.0/lib/gcc/x86_64-unknown-linux-gnu/5.3.0/../../../../x86_64-unknown-linux-gnu/lib -L/sw/global/compilers/gcc/5.3.0/lib/gcc/x86_64-unknown-linux-gnu/5.3.0/../../.. CMakeFiles/cmTC_968f5.dir/OpenMPTryFlag.cpp.o -lstdc++ -lm -lgomp -lgcc_s -lgcc -lpthread -lc -lgcc_s -lgcc /sw/global/compilers/gcc/5.3.0/lib/gcc/x86_64-unknown-linux-gnu/5.3.0/crtend.o /usr/lib/../lib64/crtn.o]
    arg [/sw/global/compilers/gcc/5.3.0/libexec/gcc/x86_64-unknown-linux-gnu/5.3.0/collect2] ==> ignore
    arg [--eh-frame-hdr] ==> ignore
    arg [-m] ==> ignore
    arg [elf_x86_64] ==> ignore
    arg [-dynamic-linker] ==> ignore
    arg [/lib64/ld-linux-x86-64.so.2] ==> ignore
    arg [-o] ==> ignore
    arg [cmTC_968f5] ==> ignore
    arg [/usr/lib/../lib64/crt1.o] ==> ignore
    arg [/usr/lib/../lib64/crti.o] ==> ignore
    arg [/sw/global/compilers/gcc/5.3.0/lib/gcc/x86_64-unknown-linux-gnu/5.3.0/crtbegin.o] ==> ignore
    arg [-L/sw/global/compilers/gcc/5.3.0/lib/gcc/x86_64-unknown-linux-gnu/5.3.0] ==> dir [/sw/global/compilers/gcc/5.3.0/lib/gcc/x86_64-unknown-linux-gnu/5.3.0]
    arg [-L/sw/global/compilers/gcc/5.3.0/lib/gcc/x86_64-unknown-linux-gnu/5.3.0/../../../../lib64] ==> dir [/sw/global/compilers/gcc/5.3.0/lib/gcc/x86_64-unknown-linux-gnu/5.3.0/../../../../lib64]
    arg [-L/lib/../lib64] ==> dir [/lib/../lib64]
    arg [-L/usr/lib/../lib64] ==> dir [/usr/lib/../lib64]
    arg [-L/sw/global/compilers/gcc/5.3.0/lib/gcc/x86_64-unknown-linux-gnu/5.3.0/../../../../x86_64-unknown-linux-gnu/lib] ==> dir [/sw/global/compilers/gcc/5.3.0/lib/gcc/x86_64-unknown-linux-gnu/5.3.0/../../../../x86_64-unknown-linux-gnu/lib]
    arg [-L/sw/global/compilers/gcc/5.3.0/lib/gcc/x86_64-unknown-linux-gnu/5.3.0/../../..] ==> dir [/sw/global/compilers/gcc/5.3.0/lib/gcc/x86_64-unknown-linux-gnu/5.3.0/../../..]
    arg [CMakeFiles/cmTC_968f5.dir/OpenMPTryFlag.cpp.o] ==> ignore
    arg [-lstdc++] ==> lib [stdc++]
    arg [-lm] ==> lib [m]
    arg [-lgomp] ==> lib [gomp]
    arg [-lgcc_s] ==> lib [gcc_s]
    arg [-lgcc] ==> lib [gcc]
    arg [-lpthread] ==> lib [pthread]
    arg [-lc] ==> lib [c]
    arg [-lgcc_s] ==> lib [gcc_s]
    arg [-lgcc] ==> lib [gcc]
    arg [/sw/global/compilers/gcc/5.3.0/lib/gcc/x86_64-unknown-linux-gnu/5.3.0/crtend.o] ==> ignore
    arg [/usr/lib/../lib64/crtn.o] ==> ignore
  collapse library dir [/sw/global/compilers/gcc/5.3.0/lib/gcc/x86_64-unknown-linux-gnu/5.3.0] ==> [/sw/global/compilers/gcc/5.3.0/lib/gcc/x86_64-unknown-linux-gnu/5.3.0]
  collapse library dir [/sw/global/compilers/gcc/5.3.0/lib/gcc/x86_64-unknown-linux-gnu/5.3.0/../../../../lib64] ==> [/sw/global/compilers/gcc/5.3.0/lib64]
  collapse library dir [/lib/../lib64] ==> [/lib64]
  collapse library dir [/usr/lib/../lib64] ==> [/usr/lib64]
  collapse library dir [/sw/global/compilers/gcc/5.3.0/lib/gcc/x86_64-unknown-linux-gnu/5.3.0/../../../../x86_64-unknown-linux-gnu/lib] ==> [/sw/global/compilers/gcc/5.3.0/x86_64-unknown-linux-gnu/lib]
  collapse library dir [/sw/global/compilers/gcc/5.3.0/lib/gcc/x86_64-unknown-linux-gnu/5.3.0/../../..] ==> [/sw/global/compilers/gcc/5.3.0/lib]
  implicit libs: [stdc++;m;gomp;gcc_s;gcc;pthread;c;gcc_s;gcc]
  implicit dirs: [/sw/global/compilers/gcc/5.3.0/lib/gcc/x86_64-unknown-linux-gnu/5.3.0;/sw/global/compilers/gcc/5.3.0/lib64;/lib64;/usr/lib64;/sw/global/compilers/gcc/5.3.0/x86_64-unknown-linux-gnu/lib;/sw/global/compilers/gcc/5.3.0/lib]
  implicit fwks: []


